The target system is: Linux -  - armv7-a
The host system is: Linux - 4.15.0-88-generic - x86_64
Compiling the C compiler identification source file "CMakeCCompilerId.c" succeeded.
Compiler: /usr/local/oecore-x86_64/sysroots/x86_64-oesdk-linux/usr/bin/arm-oe-linux-gnueabi/arm-oe-linux-gnueabi-gcc 
Build flags: ;;-march=armv7-a;-marm;-mfpu=neon;;-mfloat-abi=hard;-mcpu=cortex-a9;;-march=armv7-a;-marm;-mfpu=neon;;-mfloat-abi=hard;-mcpu=cortex-a9
Id flags: -c 

The output was:
0


Compilation of the C compiler identification source "CMakeCCompilerId.c" produced "CMakeCCompilerId.o"

The C compiler identification is GNU, found in "/home/sielf/cloud/science/cmake-build-cross1/CMakeFiles/3.15.3/CompilerIdC/CMakeCCompilerId.o"

Compiling the CXX compiler identification source file "CMakeCXXCompilerId.cpp" succeeded.
Compiler: /usr/local/oecore-x86_64/sysroots/x86_64-oesdk-linux/usr/bin/arm-oe-linux-gnueabi/arm-oe-linux-gnueabi-g++ 
Build flags: ;;-march=armv7-a;-marm;-mfpu=neon;;-mfloat-abi=hard;-mcpu=cortex-a9;;-march=armv7-a;-marm;-mfpu=neon;;-mfloat-abi=hard;-mcpu=cortex-a9
Id flags: -c 

The output was:
0


Compilation of the CXX compiler identification source "CMakeCXXCompilerId.cpp" produced "CMakeCXXCompilerId.o"

The CXX compiler identification is GNU, found in "/home/sielf/cloud/science/cmake-build-cross1/CMakeFiles/3.15.3/CompilerIdCXX/CMakeCXXCompilerId.o"

Determining if the C compiler works passed with the following output:
Change Dir: /home/sielf/cloud/science/cmake-build-cross1/CMakeFiles/CMakeTmp

Run Build Command(s):/usr/bin/make cmTC_10d09/fast && /usr/bin/make -f CMakeFiles/cmTC_10d09.dir/build.make CMakeFiles/cmTC_10d09.dir/build
make[1]: Entering directory '/home/sielf/cloud/science/cmake-build-cross1/CMakeFiles/CMakeTmp'
Building C object CMakeFiles/cmTC_10d09.dir/testCCompiler.c.o
/usr/local/oecore-x86_64/sysroots/x86_64-oesdk-linux/usr/bin/arm-oe-linux-gnueabi/arm-oe-linux-gnueabi-gcc --sysroot=/usr/local/oecore-x86_64/sysroots/cortexa9hf-neon-oe-linux-gnueabi   -march=armv7-a -marm -mfpu=neon  -mfloat-abi=hard -mcpu=cortex-a9  -march=armv7-a -marm -mfpu=neon  -mfloat-abi=hard -mcpu=cortex-a9    -o CMakeFiles/cmTC_10d09.dir/testCCompiler.c.o   -c /home/sielf/cloud/science/cmake-build-cross1/CMakeFiles/CMakeTmp/testCCompiler.c
Linking C executable cmTC_10d09
/home/sielf/Downloads/clion-2019.3.4/bin/cmake/linux/bin/cmake -E cmake_link_script CMakeFiles/cmTC_10d09.dir/link.txt --verbose=1
/usr/local/oecore-x86_64/sysroots/x86_64-oesdk-linux/usr/bin/arm-oe-linux-gnueabi/arm-oe-linux-gnueabi-gcc --sysroot=/usr/local/oecore-x86_64/sysroots/cortexa9hf-neon-oe-linux-gnueabi   -march=armv7-a -marm -mfpu=neon  -mfloat-abi=hard -mcpu=cortex-a9  -march=armv7-a -marm -mfpu=neon  -mfloat-abi=hard -mcpu=cortex-a9     -rdynamic CMakeFiles/cmTC_10d09.dir/testCCompiler.c.o  -o cmTC_10d09  -L/usr/local/oecore-x86_64/sysroots/cortexa9hf-neon-oe-linux-gnueabi/usr/lib 
make[1]: Leaving directory '/home/sielf/cloud/science/cmake-build-cross1/CMakeFiles/CMakeTmp'



Detecting C compiler ABI info compiled with the following output:
Change Dir: /home/sielf/cloud/science/cmake-build-cross1/CMakeFiles/CMakeTmp

Run Build Command(s):/usr/bin/make cmTC_931c7/fast && /usr/bin/make -f CMakeFiles/cmTC_931c7.dir/build.make CMakeFiles/cmTC_931c7.dir/build
make[1]: Entering directory '/home/sielf/cloud/science/cmake-build-cross1/CMakeFiles/CMakeTmp'
Building C object CMakeFiles/cmTC_931c7.dir/CMakeCCompilerABI.c.o
/usr/local/oecore-x86_64/sysroots/x86_64-oesdk-linux/usr/bin/arm-oe-linux-gnueabi/arm-oe-linux-gnueabi-gcc --sysroot=/usr/local/oecore-x86_64/sysroots/cortexa9hf-neon-oe-linux-gnueabi   -march=armv7-a -marm -mfpu=neon  -mfloat-abi=hard -mcpu=cortex-a9  -march=armv7-a -marm -mfpu=neon  -mfloat-abi=hard -mcpu=cortex-a9    -v -o CMakeFiles/cmTC_931c7.dir/CMakeCCompilerABI.c.o   -c /home/sielf/Downloads/clion-2019.3.4/bin/cmake/linux/share/cmake-3.15/Modules/CMakeCCompilerABI.c
Using built-in specs.
COLLECT_GCC=/usr/local/oecore-x86_64/sysroots/x86_64-oesdk-linux/usr/bin/arm-oe-linux-gnueabi/arm-oe-linux-gnueabi-gcc
Target: arm-oe-linux-gnueabi
Configured with: ../../../../../../work-shared/gcc-7.3.0-r0/gcc-7.3.0/configure --build=x86_64-linux --host=x86_64-oesdk-linux --target=arm-oe-linux-gnueabi --prefix=/usr/local/oecore-x86_64/sysroots/x86_64-oesdk-linux/usr --exec_prefix=/usr/local/oecore-x86_64/sysroots/x86_64-oesdk-linux/usr --bindir=/usr/local/oecore-x86_64/sysroots/x86_64-oesdk-linux/usr/bin/arm-oe-linux-gnueabi --sbindir=/usr/local/oecore-x86_64/sysroots/x86_64-oesdk-linux/usr/bin/arm-oe-linux-gnueabi --libexecdir=/usr/local/oecore-x86_64/sysroots/x86_64-oesdk-linux/usr/libexec/arm-oe-linux-gnueabi --datadir=/usr/local/oecore-x86_64/sysroots/x86_64-oesdk-linux/usr/share --sysconfdir=/usr/local/oecore-x86_64/sysroots/x86_64-oesdk-linux/etc --sharedstatedir=/usr/local/oecore-x86_64/sysroots/x86_64-oesdk-linux/com --localstatedir=/usr/local/oecore-x86_64/sysroots/x86_64-oesdk-linux/var --libdir=/usr/local/oecore-x86_64/sysroots/x86_64-oesdk-linux/usr/lib/arm-oe-linux-gnueabi --includedir=/usr/local/oecore-x86_64/sysroots/x86_64-oesdk-linux/usr/include --oldincludedir=/usr/local/oecore-x86_64/sysroots/x86_64-oesdk-linux/usr/include --infodir=/usr/local/oecore-x86_64/sysroots/x86_64-oesdk-linux/usr/share/info --mandir=/usr/local/oecore-x86_64/sysroots/x86_64-oesdk-linux/usr/share/man --disable-silent-rules --disable-dependency-tracking --with-libtool-sysroot=/media/eleps/data/repos/test/openembedded-core/build/tmp-glibc/work/x86_64-nativesdk-oesdk-linux/gcc-cross-canadian-arm/7.3.0-r0/recipe-sysroot --with-gnu-ld --enable-shared --enable-languages=c,c++ --enable-threads=posix --enable-multilib --enable-c99 --enable-long-long --enable-symvers=gnu --enable-libstdcxx-pch --program-prefix=arm-oe-linux-gnueabi- --without-local-prefix --enable-lto --enable-libssp --enable-libitm --disable-bootstrap --disable-libmudflap --with-system-zlib --with-linker-hash-style=gnu --enable-linker-build-id --with-ppl=no --with-cloog=no --enable-checking=release --enable-cheaders=c_global --without-isl --with-gxx-include-dir=/not/exist/usr/include/c++/7.3.0 --with-build-time-tools=/media/eleps/data/repos/test/openembedded-core/build/tmp-glibc/work/x86_64-nativesdk-oesdk-linux/gcc-cross-canadian-arm/7.3.0-r0/recipe-sysroot-native/usr/arm-oe-linux-gnueabi/bin --with-sysroot=/not/exist --with-build-sysroot=/media/eleps/data/repos/test/openembedded-core/build/tmp-glibc/work/x86_64-nativesdk-oesdk-linux/gcc-cross-canadian-arm/7.3.0-r0/recipe-sysroot --without-long-double-128 --enable-poison-system-directories --with-mpfr=/media/eleps/data/repos/test/openembedded-core/build/tmp-glibc/work/x86_64-nativesdk-oesdk-linux/gcc-cross-canadian-arm/7.3.0-r0/recipe-sysroot --with-mpc=/media/eleps/data/repos/test/openembedded-core/build/tmp-glibc/work/x86_64-nativesdk-oesdk-linux/gcc-cross-canadian-arm/7.3.0-r0/recipe-sysroot --enable-nls --enable-initfini-array
Thread model: posix
gcc version 7.3.0 (GCC) 
COLLECT_GCC_OPTIONS='--sysroot=/usr/local/oecore-x86_64/sysroots/cortexa9hf-neon-oe-linux-gnueabi' '-march=armv7-a' '-marm' '-mfpu=neon' '-mfloat-abi=hard' '-mcpu=cortex-a9' '-march=armv7-a' '-marm' '-mfpu=neon' '-mfloat-abi=hard' '-mcpu=cortex-a9' '-v' '-o' 'CMakeFiles/cmTC_931c7.dir/CMakeCCompilerABI.c.o' '-c' '-mtls-dialect=gnu'
 /usr/local/oecore-x86_64/sysroots/x86_64-oesdk-linux/usr/libexec/arm-oe-linux-gnueabi/gcc/arm-oe-linux-gnueabi/7.3.0/cc1 -quiet -v -isysroot /usr/local/oecore-x86_64/sysroots/cortexa9hf-neon-oe-linux-gnueabi /home/sielf/Downloads/clion-2019.3.4/bin/cmake/linux/share/cmake-3.15/Modules/CMakeCCompilerABI.c -quiet -dumpbase CMakeCCompilerABI.c -march=armv7-a -marm -mfpu=neon -mfloat-abi=hard -mcpu=cortex-a9 -march=armv7-a -marm -mfpu=neon -mfloat-abi=hard -mcpu=cortex-a9 -mtls-dialect=gnu -auxbase-strip CMakeFiles/cmTC_931c7.dir/CMakeCCompilerABI.c.o -version -o /tmp/cc6BV0a5.s
GNU C11 (GCC) version 7.3.0 (arm-oe-linux-gnueabi)
	compiled by GNU C version 7.3.0, GMP version 6.1.2, MPFR version 3.1.5, MPC version 1.0.3, isl version none
GGC heuristics: --param ggc-min-expand=100 --param ggc-min-heapsize=131072
ignoring nonexistent directory "/usr/local/oecore-x86_64/sysroots/cortexa9hf-neon-oe-linux-gnueabi/usr/local/include"
ignoring nonexistent directory "/usr/local/oecore-x86_64/sysroots/x86_64-oesdk-linux/usr/lib/arm-oe-linux-gnueabi/gcc/arm-oe-linux-gnueabi/7.3.0/../../../../../arm-oe-linux-gnueabi/include"
#include "..." search starts here:
#include <...> search starts here:
 /usr/local/oecore-x86_64/sysroots/x86_64-oesdk-linux/usr/lib/arm-oe-linux-gnueabi/gcc/arm-oe-linux-gnueabi/7.3.0/include
 /usr/local/oecore-x86_64/sysroots/cortexa9hf-neon-oe-linux-gnueabi/usr/lib/gcc/arm-oe-linux-gnueabi/7.3.0/include
 /usr/local/oecore-x86_64/sysroots/x86_64-oesdk-linux/usr/lib/arm-oe-linux-gnueabi/gcc/arm-oe-linux-gnueabi/7.3.0/include-fixed
 /usr/local/oecore-x86_64/sysroots/cortexa9hf-neon-oe-linux-gnueabi/usr/include/
End of search list.
GNU C11 (GCC) version 7.3.0 (arm-oe-linux-gnueabi)
	compiled by GNU C version 7.3.0, GMP version 6.1.2, MPFR version 3.1.5, MPC version 1.0.3, isl version none
GGC heuristics: --param ggc-min-expand=100 --param ggc-min-heapsize=131072
Compiler executable checksum: 74362b8da099d5d3624acfac5bd29779
COLLECT_GCC_OPTIONS='--sysroot=/usr/local/oecore-x86_64/sysroots/cortexa9hf-neon-oe-linux-gnueabi' '-march=armv7-a' '-marm' '-mfpu=neon' '-mfloat-abi=hard' '-mcpu=cortex-a9' '-march=armv7-a' '-marm' '-mfpu=neon' '-mfloat-abi=hard' '-mcpu=cortex-a9' '-v' '-o' 'CMakeFiles/cmTC_931c7.dir/CMakeCCompilerABI.c.o' '-c' '-mtls-dialect=gnu'
 /usr/local/oecore-x86_64/sysroots/x86_64-oesdk-linux/usr/libexec/arm-oe-linux-gnueabi/gcc/arm-oe-linux-gnueabi/7.3.0/as -v -march=armv7-a -march=armv7-a -mcpu=cortex-a9 -mfloat-abi=hard -mfloat-abi=hard -mfpu=neon -mfpu=neon -meabi=5 -o CMakeFiles/cmTC_931c7.dir/CMakeCCompilerABI.c.o /tmp/cc6BV0a5.s
GNU assembler version 2.29.1 (arm-oe-linux-gnueabi) using BFD version (GNU Binutils) 2.29.1.20170915
COMPILER_PATH=/usr/local/oecore-x86_64/sysroots/x86_64-oesdk-linux/usr/libexec/arm-oe-linux-gnueabi/gcc/arm-oe-linux-gnueabi/7.3.0/:/usr/local/oecore-x86_64/sysroots/x86_64-oesdk-linux/usr/libexec/arm-oe-linux-gnueabi/gcc/arm-oe-linux-gnueabi/7.3.0/:/usr/local/oecore-x86_64/sysroots/x86_64-oesdk-linux/usr/libexec/arm-oe-linux-gnueabi/gcc/arm-oe-linux-gnueabi/:/usr/local/oecore-x86_64/sysroots/x86_64-oesdk-linux/usr/lib/arm-oe-linux-gnueabi/gcc/arm-oe-linux-gnueabi/7.3.0/:/usr/local/oecore-x86_64/sysroots/x86_64-oesdk-linux/usr/lib/arm-oe-linux-gnueabi/gcc/arm-oe-linux-gnueabi/
LIBRARY_PATH=/usr/local/oecore-x86_64/sysroots/x86_64-oesdk-linux/usr/lib/arm-oe-linux-gnueabi/gcc/arm-oe-linux-gnueabi/7.3.0/:/usr/local/oecore-x86_64/sysroots/cortexa9hf-neon-oe-linux-gnueabi/lib/:/usr/local/oecore-x86_64/sysroots/cortexa9hf-neon-oe-linux-gnueabi/usr/lib/arm-oe-linux-gnueabi/7.3.0/:/usr/local/oecore-x86_64/sysroots/cortexa9hf-neon-oe-linux-gnueabi/usr/lib/
COLLECT_GCC_OPTIONS='--sysroot=/usr/local/oecore-x86_64/sysroots/cortexa9hf-neon-oe-linux-gnueabi' '-march=armv7-a' '-marm' '-mfpu=neon' '-mfloat-abi=hard' '-mcpu=cortex-a9' '-march=armv7-a' '-marm' '-mfpu=neon' '-mfloat-abi=hard' '-mcpu=cortex-a9' '-v' '-o' 'CMakeFiles/cmTC_931c7.dir/CMakeCCompilerABI.c.o' '-c' '-mtls-dialect=gnu'
Linking C executable cmTC_931c7
/home/sielf/Downloads/clion-2019.3.4/bin/cmake/linux/bin/cmake -E cmake_link_script CMakeFiles/cmTC_931c7.dir/link.txt --verbose=1
/usr/local/oecore-x86_64/sysroots/x86_64-oesdk-linux/usr/bin/arm-oe-linux-gnueabi/arm-oe-linux-gnueabi-gcc --sysroot=/usr/local/oecore-x86_64/sysroots/cortexa9hf-neon-oe-linux-gnueabi   -march=armv7-a -marm -mfpu=neon  -mfloat-abi=hard -mcpu=cortex-a9  -march=armv7-a -marm -mfpu=neon  -mfloat-abi=hard -mcpu=cortex-a9    -v -rdynamic CMakeFiles/cmTC_931c7.dir/CMakeCCompilerABI.c.o  -o cmTC_931c7  -L/usr/local/oecore-x86_64/sysroots/cortexa9hf-neon-oe-linux-gnueabi/usr/lib 
Using built-in specs.
COLLECT_GCC=/usr/local/oecore-x86_64/sysroots/x86_64-oesdk-linux/usr/bin/arm-oe-linux-gnueabi/arm-oe-linux-gnueabi-gcc
COLLECT_LTO_WRAPPER=/usr/local/oecore-x86_64/sysroots/x86_64-oesdk-linux/usr/libexec/arm-oe-linux-gnueabi/gcc/arm-oe-linux-gnueabi/7.3.0/lto-wrapper
Target: arm-oe-linux-gnueabi
Configured with: ../../../../../../work-shared/gcc-7.3.0-r0/gcc-7.3.0/configure --build=x86_64-linux --host=x86_64-oesdk-linux --target=arm-oe-linux-gnueabi --prefix=/usr/local/oecore-x86_64/sysroots/x86_64-oesdk-linux/usr --exec_prefix=/usr/local/oecore-x86_64/sysroots/x86_64-oesdk-linux/usr --bindir=/usr/local/oecore-x86_64/sysroots/x86_64-oesdk-linux/usr/bin/arm-oe-linux-gnueabi --sbindir=/usr/local/oecore-x86_64/sysroots/x86_64-oesdk-linux/usr/bin/arm-oe-linux-gnueabi --libexecdir=/usr/local/oecore-x86_64/sysroots/x86_64-oesdk-linux/usr/libexec/arm-oe-linux-gnueabi --datadir=/usr/local/oecore-x86_64/sysroots/x86_64-oesdk-linux/usr/share --sysconfdir=/usr/local/oecore-x86_64/sysroots/x86_64-oesdk-linux/etc --sharedstatedir=/usr/local/oecore-x86_64/sysroots/x86_64-oesdk-linux/com --localstatedir=/usr/local/oecore-x86_64/sysroots/x86_64-oesdk-linux/var --libdir=/usr/local/oecore-x86_64/sysroots/x86_64-oesdk-linux/usr/lib/arm-oe-linux-gnueabi --includedir=/usr/local/oecore-x86_64/sysroots/x86_64-oesdk-linux/usr/include --oldincludedir=/usr/local/oecore-x86_64/sysroots/x86_64-oesdk-linux/usr/include --infodir=/usr/local/oecore-x86_64/sysroots/x86_64-oesdk-linux/usr/share/info --mandir=/usr/local/oecore-x86_64/sysroots/x86_64-oesdk-linux/usr/share/man --disable-silent-rules --disable-dependency-tracking --with-libtool-sysroot=/media/eleps/data/repos/test/openembedded-core/build/tmp-glibc/work/x86_64-nativesdk-oesdk-linux/gcc-cross-canadian-arm/7.3.0-r0/recipe-sysroot --with-gnu-ld --enable-shared --enable-languages=c,c++ --enable-threads=posix --enable-multilib --enable-c99 --enable-long-long --enable-symvers=gnu --enable-libstdcxx-pch --program-prefix=arm-oe-linux-gnueabi- --without-local-prefix --enable-lto --enable-libssp --enable-libitm --disable-bootstrap --disable-libmudflap --with-system-zlib --with-linker-hash-style=gnu --enable-linker-build-id --with-ppl=no --with-cloog=no --enable-checking=release --enable-cheaders=c_global --without-isl --with-gxx-include-dir=/not/exist/usr/include/c++/7.3.0 --with-build-time-tools=/media/eleps/data/repos/test/openembedded-core/build/tmp-glibc/work/x86_64-nativesdk-oesdk-linux/gcc-cross-canadian-arm/7.3.0-r0/recipe-sysroot-native/usr/arm-oe-linux-gnueabi/bin --with-sysroot=/not/exist --with-build-sysroot=/media/eleps/data/repos/test/openembedded-core/build/tmp-glibc/work/x86_64-nativesdk-oesdk-linux/gcc-cross-canadian-arm/7.3.0-r0/recipe-sysroot --without-long-double-128 --enable-poison-system-directories --with-mpfr=/media/eleps/data/repos/test/openembedded-core/build/tmp-glibc/work/x86_64-nativesdk-oesdk-linux/gcc-cross-canadian-arm/7.3.0-r0/recipe-sysroot --with-mpc=/media/eleps/data/repos/test/openembedded-core/build/tmp-glibc/work/x86_64-nativesdk-oesdk-linux/gcc-cross-canadian-arm/7.3.0-r0/recipe-sysroot --enable-nls --enable-initfini-array
Thread model: posix
gcc version 7.3.0 (GCC) 
COMPILER_PATH=/usr/local/oecore-x86_64/sysroots/x86_64-oesdk-linux/usr/libexec/arm-oe-linux-gnueabi/gcc/arm-oe-linux-gnueabi/7.3.0/:/usr/local/oecore-x86_64/sysroots/x86_64-oesdk-linux/usr/libexec/arm-oe-linux-gnueabi/gcc/arm-oe-linux-gnueabi/7.3.0/:/usr/local/oecore-x86_64/sysroots/x86_64-oesdk-linux/usr/libexec/arm-oe-linux-gnueabi/gcc/arm-oe-linux-gnueabi/:/usr/local/oecore-x86_64/sysroots/x86_64-oesdk-linux/usr/lib/arm-oe-linux-gnueabi/gcc/arm-oe-linux-gnueabi/7.3.0/:/usr/local/oecore-x86_64/sysroots/x86_64-oesdk-linux/usr/lib/arm-oe-linux-gnueabi/gcc/arm-oe-linux-gnueabi/
LIBRARY_PATH=/usr/local/oecore-x86_64/sysroots/x86_64-oesdk-linux/usr/lib/arm-oe-linux-gnueabi/gcc/arm-oe-linux-gnueabi/7.3.0/:/usr/local/oecore-x86_64/sysroots/cortexa9hf-neon-oe-linux-gnueabi/lib/:/usr/local/oecore-x86_64/sysroots/cortexa9hf-neon-oe-linux-gnueabi/usr/lib/arm-oe-linux-gnueabi/7.3.0/:/usr/local/oecore-x86_64/sysroots/cortexa9hf-neon-oe-linux-gnueabi/usr/lib/
COLLECT_GCC_OPTIONS='--sysroot=/usr/local/oecore-x86_64/sysroots/cortexa9hf-neon-oe-linux-gnueabi' '-march=armv7-a' '-marm' '-mfpu=neon' '-mfloat-abi=hard' '-mcpu=cortex-a9' '-march=armv7-a' '-marm' '-mfpu=neon' '-mfloat-abi=hard' '-mcpu=cortex-a9' '-v' '-rdynamic' '-o' 'cmTC_931c7' '-L/usr/local/oecore-x86_64/sysroots/cortexa9hf-neon-oe-linux-gnueabi/usr/lib' '-mtls-dialect=gnu'
 /usr/local/oecore-x86_64/sysroots/x86_64-oesdk-linux/usr/libexec/arm-oe-linux-gnueabi/gcc/arm-oe-linux-gnueabi/7.3.0/collect2 -plugin /usr/local/oecore-x86_64/sysroots/x86_64-oesdk-linux/usr/libexec/arm-oe-linux-gnueabi/gcc/arm-oe-linux-gnueabi/7.3.0/liblto_plugin.so -plugin-opt=/usr/local/oecore-x86_64/sysroots/x86_64-oesdk-linux/usr/libexec/arm-oe-linux-gnueabi/gcc/arm-oe-linux-gnueabi/7.3.0/lto-wrapper -plugin-opt=-fresolution=/tmp/ccpeYFF4.res -plugin-opt=-pass-through=-lgcc -plugin-opt=-pass-through=-lgcc_s -plugin-opt=-pass-through=-lc -plugin-opt=-pass-through=-lgcc -plugin-opt=-pass-through=-lgcc_s --sysroot=/usr/local/oecore-x86_64/sysroots/cortexa9hf-neon-oe-linux-gnueabi --build-id --eh-frame-hdr --hash-style=gnu -export-dynamic -dynamic-linker /lib/ld-linux-armhf.so.3 -X -m armelf_linux_eabi -o cmTC_931c7 /usr/local/oecore-x86_64/sysroots/cortexa9hf-neon-oe-linux-gnueabi/usr/lib/crt1.o /usr/local/oecore-x86_64/sysroots/cortexa9hf-neon-oe-linux-gnueabi/usr/lib/crti.o /usr/local/oecore-x86_64/sysroots/cortexa9hf-neon-oe-linux-gnueabi/usr/lib/arm-oe-linux-gnueabi/7.3.0/crtbegin.o -L/usr/local/oecore-x86_64/sysroots/cortexa9hf-neon-oe-linux-gnueabi/usr/lib -L/usr/local/oecore-x86_64/sysroots/x86_64-oesdk-linux/usr/lib/arm-oe-linux-gnueabi/gcc/arm-oe-linux-gnueabi/7.3.0 -L/usr/local/oecore-x86_64/sysroots/cortexa9hf-neon-oe-linux-gnueabi/lib -L/usr/local/oecore-x86_64/sysroots/cortexa9hf-neon-oe-linux-gnueabi/usr/lib/arm-oe-linux-gnueabi/7.3.0 -L/usr/local/oecore-x86_64/sysroots/cortexa9hf-neon-oe-linux-gnueabi/usr/lib CMakeFiles/cmTC_931c7.dir/CMakeCCompilerABI.c.o -lgcc --as-needed -lgcc_s --no-as-needed -lc -lgcc --as-needed -lgcc_s --no-as-needed /usr/local/oecore-x86_64/sysroots/cortexa9hf-neon-oe-linux-gnueabi/usr/lib/arm-oe-linux-gnueabi/7.3.0/crtend.o /usr/local/oecore-x86_64/sysroots/cortexa9hf-neon-oe-linux-gnueabi/usr/lib/crtn.o
COLLECT_GCC_OPTIONS='--sysroot=/usr/local/oecore-x86_64/sysroots/cortexa9hf-neon-oe-linux-gnueabi' '-march=armv7-a' '-marm' '-mfpu=neon' '-mfloat-abi=hard' '-mcpu=cortex-a9' '-march=armv7-a' '-marm' '-mfpu=neon' '-mfloat-abi=hard' '-mcpu=cortex-a9' '-v' '-rdynamic' '-o' 'cmTC_931c7' '-L/usr/local/oecore-x86_64/sysroots/cortexa9hf-neon-oe-linux-gnueabi/usr/lib' '-mtls-dialect=gnu'
make[1]: Leaving directory '/home/sielf/cloud/science/cmake-build-cross1/CMakeFiles/CMakeTmp'



Parsed C implicit include dir info from above output: rv=done
  found start of include info
  found start of implicit include info
    add: [/usr/local/oecore-x86_64/sysroots/x86_64-oesdk-linux/usr/lib/arm-oe-linux-gnueabi/gcc/arm-oe-linux-gnueabi/7.3.0/include]
    add: [/usr/local/oecore-x86_64/sysroots/cortexa9hf-neon-oe-linux-gnueabi/usr/lib/gcc/arm-oe-linux-gnueabi/7.3.0/include]
    add: [/usr/local/oecore-x86_64/sysroots/x86_64-oesdk-linux/usr/lib/arm-oe-linux-gnueabi/gcc/arm-oe-linux-gnueabi/7.3.0/include-fixed]
    add: [/usr/local/oecore-x86_64/sysroots/cortexa9hf-neon-oe-linux-gnueabi/usr/include/]
  end of search list found
  collapse include dir [/usr/local/oecore-x86_64/sysroots/x86_64-oesdk-linux/usr/lib/arm-oe-linux-gnueabi/gcc/arm-oe-linux-gnueabi/7.3.0/include] ==> [/usr/local/oecore-x86_64/sysroots/x86_64-oesdk-linux/usr/lib/arm-oe-linux-gnueabi/gcc/arm-oe-linux-gnueabi/7.3.0/include]
  collapse include dir [/usr/local/oecore-x86_64/sysroots/cortexa9hf-neon-oe-linux-gnueabi/usr/lib/gcc/arm-oe-linux-gnueabi/7.3.0/include] ==> [/usr/local/oecore-x86_64/sysroots/cortexa9hf-neon-oe-linux-gnueabi/usr/lib/gcc/arm-oe-linux-gnueabi/7.3.0/include]
  collapse include dir [/usr/local/oecore-x86_64/sysroots/x86_64-oesdk-linux/usr/lib/arm-oe-linux-gnueabi/gcc/arm-oe-linux-gnueabi/7.3.0/include-fixed] ==> [/usr/local/oecore-x86_64/sysroots/x86_64-oesdk-linux/usr/lib/arm-oe-linux-gnueabi/gcc/arm-oe-linux-gnueabi/7.3.0/include-fixed]
  collapse include dir [/usr/local/oecore-x86_64/sysroots/cortexa9hf-neon-oe-linux-gnueabi/usr/include/] ==> [/usr/local/oecore-x86_64/sysroots/cortexa9hf-neon-oe-linux-gnueabi/usr/include]
  implicit include dirs: [/usr/local/oecore-x86_64/sysroots/x86_64-oesdk-linux/usr/lib/arm-oe-linux-gnueabi/gcc/arm-oe-linux-gnueabi/7.3.0/include;/usr/local/oecore-x86_64/sysroots/cortexa9hf-neon-oe-linux-gnueabi/usr/lib/gcc/arm-oe-linux-gnueabi/7.3.0/include;/usr/local/oecore-x86_64/sysroots/x86_64-oesdk-linux/usr/lib/arm-oe-linux-gnueabi/gcc/arm-oe-linux-gnueabi/7.3.0/include-fixed;/usr/local/oecore-x86_64/sysroots/cortexa9hf-neon-oe-linux-gnueabi/usr/include]


Parsed C implicit link information from above output:
  link line regex: [^( *|.*[/\])(arm-oe-linux-gnueabi-ld|CMAKE_LINK_STARTFILE-NOTFOUND|([^/\]+-)?ld|collect2)[^/\]*( |$)]
  ignore line: [Change Dir: /home/sielf/cloud/science/cmake-build-cross1/CMakeFiles/CMakeTmp]
  ignore line: []
  ignore line: [Run Build Command(s):/usr/bin/make cmTC_931c7/fast && /usr/bin/make -f CMakeFiles/cmTC_931c7.dir/build.make CMakeFiles/cmTC_931c7.dir/build]
  ignore line: [make[1]: Entering directory '/home/sielf/cloud/science/cmake-build-cross1/CMakeFiles/CMakeTmp']
  ignore line: [Building C object CMakeFiles/cmTC_931c7.dir/CMakeCCompilerABI.c.o]
  ignore line: [/usr/local/oecore-x86_64/sysroots/x86_64-oesdk-linux/usr/bin/arm-oe-linux-gnueabi/arm-oe-linux-gnueabi-gcc --sysroot=/usr/local/oecore-x86_64/sysroots/cortexa9hf-neon-oe-linux-gnueabi   -march=armv7-a -marm -mfpu=neon  -mfloat-abi=hard -mcpu=cortex-a9  -march=armv7-a -marm -mfpu=neon  -mfloat-abi=hard -mcpu=cortex-a9    -v -o CMakeFiles/cmTC_931c7.dir/CMakeCCompilerABI.c.o   -c /home/sielf/Downloads/clion-2019.3.4/bin/cmake/linux/share/cmake-3.15/Modules/CMakeCCompilerABI.c]
  ignore line: [Using built-in specs.]
  ignore line: [COLLECT_GCC=/usr/local/oecore-x86_64/sysroots/x86_64-oesdk-linux/usr/bin/arm-oe-linux-gnueabi/arm-oe-linux-gnueabi-gcc]
  ignore line: [Target: arm-oe-linux-gnueabi]
  ignore line: [Configured with: ../../../../../../work-shared/gcc-7.3.0-r0/gcc-7.3.0/configure --build=x86_64-linux --host=x86_64-oesdk-linux --target=arm-oe-linux-gnueabi --prefix=/usr/local/oecore-x86_64/sysroots/x86_64-oesdk-linux/usr --exec_prefix=/usr/local/oecore-x86_64/sysroots/x86_64-oesdk-linux/usr --bindir=/usr/local/oecore-x86_64/sysroots/x86_64-oesdk-linux/usr/bin/arm-oe-linux-gnueabi --sbindir=/usr/local/oecore-x86_64/sysroots/x86_64-oesdk-linux/usr/bin/arm-oe-linux-gnueabi --libexecdir=/usr/local/oecore-x86_64/sysroots/x86_64-oesdk-linux/usr/libexec/arm-oe-linux-gnueabi --datadir=/usr/local/oecore-x86_64/sysroots/x86_64-oesdk-linux/usr/share --sysconfdir=/usr/local/oecore-x86_64/sysroots/x86_64-oesdk-linux/etc --sharedstatedir=/usr/local/oecore-x86_64/sysroots/x86_64-oesdk-linux/com --localstatedir=/usr/local/oecore-x86_64/sysroots/x86_64-oesdk-linux/var --libdir=/usr/local/oecore-x86_64/sysroots/x86_64-oesdk-linux/usr/lib/arm-oe-linux-gnueabi --includedir=/usr/local/oecore-x86_64/sysroots/x86_64-oesdk-linux/usr/include --oldincludedir=/usr/local/oecore-x86_64/sysroots/x86_64-oesdk-linux/usr/include --infodir=/usr/local/oecore-x86_64/sysroots/x86_64-oesdk-linux/usr/share/info --mandir=/usr/local/oecore-x86_64/sysroots/x86_64-oesdk-linux/usr/share/man --disable-silent-rules --disable-dependency-tracking --with-libtool-sysroot=/media/eleps/data/repos/test/openembedded-core/build/tmp-glibc/work/x86_64-nativesdk-oesdk-linux/gcc-cross-canadian-arm/7.3.0-r0/recipe-sysroot --with-gnu-ld --enable-shared --enable-languages=c,c++ --enable-threads=posix --enable-multilib --enable-c99 --enable-long-long --enable-symvers=gnu --enable-libstdcxx-pch --program-prefix=arm-oe-linux-gnueabi- --without-local-prefix --enable-lto --enable-libssp --enable-libitm --disable-bootstrap --disable-libmudflap --with-system-zlib --with-linker-hash-style=gnu --enable-linker-build-id --with-ppl=no --with-cloog=no --enable-checking=release --enable-cheaders=c_global --without-isl --with-gxx-include-dir=/not/exist/usr/include/c++/7.3.0 --with-build-time-tools=/media/eleps/data/repos/test/openembedded-core/build/tmp-glibc/work/x86_64-nativesdk-oesdk-linux/gcc-cross-canadian-arm/7.3.0-r0/recipe-sysroot-native/usr/arm-oe-linux-gnueabi/bin --with-sysroot=/not/exist --with-build-sysroot=/media/eleps/data/repos/test/openembedded-core/build/tmp-glibc/work/x86_64-nativesdk-oesdk-linux/gcc-cross-canadian-arm/7.3.0-r0/recipe-sysroot --without-long-double-128 --enable-poison-system-directories --with-mpfr=/media/eleps/data/repos/test/openembedded-core/build/tmp-glibc/work/x86_64-nativesdk-oesdk-linux/gcc-cross-canadian-arm/7.3.0-r0/recipe-sysroot --with-mpc=/media/eleps/data/repos/test/openembedded-core/build/tmp-glibc/work/x86_64-nativesdk-oesdk-linux/gcc-cross-canadian-arm/7.3.0-r0/recipe-sysroot --enable-nls --enable-initfini-array]
  ignore line: [Thread model: posix]
  ignore line: [gcc version 7.3.0 (GCC) ]
  ignore line: [COLLECT_GCC_OPTIONS='--sysroot=/usr/local/oecore-x86_64/sysroots/cortexa9hf-neon-oe-linux-gnueabi' '-march=armv7-a' '-marm' '-mfpu=neon' '-mfloat-abi=hard' '-mcpu=cortex-a9' '-march=armv7-a' '-marm' '-mfpu=neon' '-mfloat-abi=hard' '-mcpu=cortex-a9' '-v' '-o' 'CMakeFiles/cmTC_931c7.dir/CMakeCCompilerABI.c.o' '-c' '-mtls-dialect=gnu']
  ignore line: [ /usr/local/oecore-x86_64/sysroots/x86_64-oesdk-linux/usr/libexec/arm-oe-linux-gnueabi/gcc/arm-oe-linux-gnueabi/7.3.0/cc1 -quiet -v -isysroot /usr/local/oecore-x86_64/sysroots/cortexa9hf-neon-oe-linux-gnueabi /home/sielf/Downloads/clion-2019.3.4/bin/cmake/linux/share/cmake-3.15/Modules/CMakeCCompilerABI.c -quiet -dumpbase CMakeCCompilerABI.c -march=armv7-a -marm -mfpu=neon -mfloat-abi=hard -mcpu=cortex-a9 -march=armv7-a -marm -mfpu=neon -mfloat-abi=hard -mcpu=cortex-a9 -mtls-dialect=gnu -auxbase-strip CMakeFiles/cmTC_931c7.dir/CMakeCCompilerABI.c.o -version -o /tmp/cc6BV0a5.s]
  ignore line: [GNU C11 (GCC) version 7.3.0 (arm-oe-linux-gnueabi)]
  ignore line: [	compiled by GNU C version 7.3.0, GMP version 6.1.2, MPFR version 3.1.5, MPC version 1.0.3, isl version none]
  ignore line: [GGC heuristics: --param ggc-min-expand=100 --param ggc-min-heapsize=131072]
  ignore line: [ignoring nonexistent directory "/usr/local/oecore-x86_64/sysroots/cortexa9hf-neon-oe-linux-gnueabi/usr/local/include"]
  ignore line: [ignoring nonexistent directory "/usr/local/oecore-x86_64/sysroots/x86_64-oesdk-linux/usr/lib/arm-oe-linux-gnueabi/gcc/arm-oe-linux-gnueabi/7.3.0/../../../../../arm-oe-linux-gnueabi/include"]
  ignore line: [#include "..." search starts here:]
  ignore line: [#include <...> search starts here:]
  ignore line: [ /usr/local/oecore-x86_64/sysroots/x86_64-oesdk-linux/usr/lib/arm-oe-linux-gnueabi/gcc/arm-oe-linux-gnueabi/7.3.0/include]
  ignore line: [ /usr/local/oecore-x86_64/sysroots/cortexa9hf-neon-oe-linux-gnueabi/usr/lib/gcc/arm-oe-linux-gnueabi/7.3.0/include]
  ignore line: [ /usr/local/oecore-x86_64/sysroots/x86_64-oesdk-linux/usr/lib/arm-oe-linux-gnueabi/gcc/arm-oe-linux-gnueabi/7.3.0/include-fixed]
  ignore line: [ /usr/local/oecore-x86_64/sysroots/cortexa9hf-neon-oe-linux-gnueabi/usr/include/]
  ignore line: [End of search list.]
  ignore line: [GNU C11 (GCC) version 7.3.0 (arm-oe-linux-gnueabi)]
  ignore line: [	compiled by GNU C version 7.3.0, GMP version 6.1.2, MPFR version 3.1.5, MPC version 1.0.3, isl version none]
  ignore line: [GGC heuristics: --param ggc-min-expand=100 --param ggc-min-heapsize=131072]
  ignore line: [Compiler executable checksum: 74362b8da099d5d3624acfac5bd29779]
  ignore line: [COLLECT_GCC_OPTIONS='--sysroot=/usr/local/oecore-x86_64/sysroots/cortexa9hf-neon-oe-linux-gnueabi' '-march=armv7-a' '-marm' '-mfpu=neon' '-mfloat-abi=hard' '-mcpu=cortex-a9' '-march=armv7-a' '-marm' '-mfpu=neon' '-mfloat-abi=hard' '-mcpu=cortex-a9' '-v' '-o' 'CMakeFiles/cmTC_931c7.dir/CMakeCCompilerABI.c.o' '-c' '-mtls-dialect=gnu']
  ignore line: [ /usr/local/oecore-x86_64/sysroots/x86_64-oesdk-linux/usr/libexec/arm-oe-linux-gnueabi/gcc/arm-oe-linux-gnueabi/7.3.0/as -v -march=armv7-a -march=armv7-a -mcpu=cortex-a9 -mfloat-abi=hard -mfloat-abi=hard -mfpu=neon -mfpu=neon -meabi=5 -o CMakeFiles/cmTC_931c7.dir/CMakeCCompilerABI.c.o /tmp/cc6BV0a5.s]
  ignore line: [GNU assembler version 2.29.1 (arm-oe-linux-gnueabi) using BFD version (GNU Binutils) 2.29.1.20170915]
  ignore line: [COMPILER_PATH=/usr/local/oecore-x86_64/sysroots/x86_64-oesdk-linux/usr/libexec/arm-oe-linux-gnueabi/gcc/arm-oe-linux-gnueabi/7.3.0/:/usr/local/oecore-x86_64/sysroots/x86_64-oesdk-linux/usr/libexec/arm-oe-linux-gnueabi/gcc/arm-oe-linux-gnueabi/7.3.0/:/usr/local/oecore-x86_64/sysroots/x86_64-oesdk-linux/usr/libexec/arm-oe-linux-gnueabi/gcc/arm-oe-linux-gnueabi/:/usr/local/oecore-x86_64/sysroots/x86_64-oesdk-linux/usr/lib/arm-oe-linux-gnueabi/gcc/arm-oe-linux-gnueabi/7.3.0/:/usr/local/oecore-x86_64/sysroots/x86_64-oesdk-linux/usr/lib/arm-oe-linux-gnueabi/gcc/arm-oe-linux-gnueabi/]
  ignore line: [LIBRARY_PATH=/usr/local/oecore-x86_64/sysroots/x86_64-oesdk-linux/usr/lib/arm-oe-linux-gnueabi/gcc/arm-oe-linux-gnueabi/7.3.0/:/usr/local/oecore-x86_64/sysroots/cortexa9hf-neon-oe-linux-gnueabi/lib/:/usr/local/oecore-x86_64/sysroots/cortexa9hf-neon-oe-linux-gnueabi/usr/lib/arm-oe-linux-gnueabi/7.3.0/:/usr/local/oecore-x86_64/sysroots/cortexa9hf-neon-oe-linux-gnueabi/usr/lib/]
  ignore line: [COLLECT_GCC_OPTIONS='--sysroot=/usr/local/oecore-x86_64/sysroots/cortexa9hf-neon-oe-linux-gnueabi' '-march=armv7-a' '-marm' '-mfpu=neon' '-mfloat-abi=hard' '-mcpu=cortex-a9' '-march=armv7-a' '-marm' '-mfpu=neon' '-mfloat-abi=hard' '-mcpu=cortex-a9' '-v' '-o' 'CMakeFiles/cmTC_931c7.dir/CMakeCCompilerABI.c.o' '-c' '-mtls-dialect=gnu']
  ignore line: [Linking C executable cmTC_931c7]
  ignore line: [/home/sielf/Downloads/clion-2019.3.4/bin/cmake/linux/bin/cmake -E cmake_link_script CMakeFiles/cmTC_931c7.dir/link.txt --verbose=1]
  ignore line: [/usr/local/oecore-x86_64/sysroots/x86_64-oesdk-linux/usr/bin/arm-oe-linux-gnueabi/arm-oe-linux-gnueabi-gcc --sysroot=/usr/local/oecore-x86_64/sysroots/cortexa9hf-neon-oe-linux-gnueabi   -march=armv7-a -marm -mfpu=neon  -mfloat-abi=hard -mcpu=cortex-a9  -march=armv7-a -marm -mfpu=neon  -mfloat-abi=hard -mcpu=cortex-a9    -v -rdynamic CMakeFiles/cmTC_931c7.dir/CMakeCCompilerABI.c.o  -o cmTC_931c7  -L/usr/local/oecore-x86_64/sysroots/cortexa9hf-neon-oe-linux-gnueabi/usr/lib ]
  ignore line: [Using built-in specs.]
  ignore line: [COLLECT_GCC=/usr/local/oecore-x86_64/sysroots/x86_64-oesdk-linux/usr/bin/arm-oe-linux-gnueabi/arm-oe-linux-gnueabi-gcc]
  ignore line: [COLLECT_LTO_WRAPPER=/usr/local/oecore-x86_64/sysroots/x86_64-oesdk-linux/usr/libexec/arm-oe-linux-gnueabi/gcc/arm-oe-linux-gnueabi/7.3.0/lto-wrapper]
  ignore line: [Target: arm-oe-linux-gnueabi]
  ignore line: [Configured with: ../../../../../../work-shared/gcc-7.3.0-r0/gcc-7.3.0/configure --build=x86_64-linux --host=x86_64-oesdk-linux --target=arm-oe-linux-gnueabi --prefix=/usr/local/oecore-x86_64/sysroots/x86_64-oesdk-linux/usr --exec_prefix=/usr/local/oecore-x86_64/sysroots/x86_64-oesdk-linux/usr --bindir=/usr/local/oecore-x86_64/sysroots/x86_64-oesdk-linux/usr/bin/arm-oe-linux-gnueabi --sbindir=/usr/local/oecore-x86_64/sysroots/x86_64-oesdk-linux/usr/bin/arm-oe-linux-gnueabi --libexecdir=/usr/local/oecore-x86_64/sysroots/x86_64-oesdk-linux/usr/libexec/arm-oe-linux-gnueabi --datadir=/usr/local/oecore-x86_64/sysroots/x86_64-oesdk-linux/usr/share --sysconfdir=/usr/local/oecore-x86_64/sysroots/x86_64-oesdk-linux/etc --sharedstatedir=/usr/local/oecore-x86_64/sysroots/x86_64-oesdk-linux/com --localstatedir=/usr/local/oecore-x86_64/sysroots/x86_64-oesdk-linux/var --libdir=/usr/local/oecore-x86_64/sysroots/x86_64-oesdk-linux/usr/lib/arm-oe-linux-gnueabi --includedir=/usr/local/oecore-x86_64/sysroots/x86_64-oesdk-linux/usr/include --oldincludedir=/usr/local/oecore-x86_64/sysroots/x86_64-oesdk-linux/usr/include --infodir=/usr/local/oecore-x86_64/sysroots/x86_64-oesdk-linux/usr/share/info --mandir=/usr/local/oecore-x86_64/sysroots/x86_64-oesdk-linux/usr/share/man --disable-silent-rules --disable-dependency-tracking --with-libtool-sysroot=/media/eleps/data/repos/test/openembedded-core/build/tmp-glibc/work/x86_64-nativesdk-oesdk-linux/gcc-cross-canadian-arm/7.3.0-r0/recipe-sysroot --with-gnu-ld --enable-shared --enable-languages=c,c++ --enable-threads=posix --enable-multilib --enable-c99 --enable-long-long --enable-symvers=gnu --enable-libstdcxx-pch --program-prefix=arm-oe-linux-gnueabi- --without-local-prefix --enable-lto --enable-libssp --enable-libitm --disable-bootstrap --disable-libmudflap --with-system-zlib --with-linker-hash-style=gnu --enable-linker-build-id --with-ppl=no --with-cloog=no --enable-checking=release --enable-cheaders=c_global --without-isl --with-gxx-include-dir=/not/exist/usr/include/c++/7.3.0 --with-build-time-tools=/media/eleps/data/repos/test/openembedded-core/build/tmp-glibc/work/x86_64-nativesdk-oesdk-linux/gcc-cross-canadian-arm/7.3.0-r0/recipe-sysroot-native/usr/arm-oe-linux-gnueabi/bin --with-sysroot=/not/exist --with-build-sysroot=/media/eleps/data/repos/test/openembedded-core/build/tmp-glibc/work/x86_64-nativesdk-oesdk-linux/gcc-cross-canadian-arm/7.3.0-r0/recipe-sysroot --without-long-double-128 --enable-poison-system-directories --with-mpfr=/media/eleps/data/repos/test/openembedded-core/build/tmp-glibc/work/x86_64-nativesdk-oesdk-linux/gcc-cross-canadian-arm/7.3.0-r0/recipe-sysroot --with-mpc=/media/eleps/data/repos/test/openembedded-core/build/tmp-glibc/work/x86_64-nativesdk-oesdk-linux/gcc-cross-canadian-arm/7.3.0-r0/recipe-sysroot --enable-nls --enable-initfini-array]
  ignore line: [Thread model: posix]
  ignore line: [gcc version 7.3.0 (GCC) ]
  ignore line: [COMPILER_PATH=/usr/local/oecore-x86_64/sysroots/x86_64-oesdk-linux/usr/libexec/arm-oe-linux-gnueabi/gcc/arm-oe-linux-gnueabi/7.3.0/:/usr/local/oecore-x86_64/sysroots/x86_64-oesdk-linux/usr/libexec/arm-oe-linux-gnueabi/gcc/arm-oe-linux-gnueabi/7.3.0/:/usr/local/oecore-x86_64/sysroots/x86_64-oesdk-linux/usr/libexec/arm-oe-linux-gnueabi/gcc/arm-oe-linux-gnueabi/:/usr/local/oecore-x86_64/sysroots/x86_64-oesdk-linux/usr/lib/arm-oe-linux-gnueabi/gcc/arm-oe-linux-gnueabi/7.3.0/:/usr/local/oecore-x86_64/sysroots/x86_64-oesdk-linux/usr/lib/arm-oe-linux-gnueabi/gcc/arm-oe-linux-gnueabi/]
  ignore line: [LIBRARY_PATH=/usr/local/oecore-x86_64/sysroots/x86_64-oesdk-linux/usr/lib/arm-oe-linux-gnueabi/gcc/arm-oe-linux-gnueabi/7.3.0/:/usr/local/oecore-x86_64/sysroots/cortexa9hf-neon-oe-linux-gnueabi/lib/:/usr/local/oecore-x86_64/sysroots/cortexa9hf-neon-oe-linux-gnueabi/usr/lib/arm-oe-linux-gnueabi/7.3.0/:/usr/local/oecore-x86_64/sysroots/cortexa9hf-neon-oe-linux-gnueabi/usr/lib/]
  ignore line: [COLLECT_GCC_OPTIONS='--sysroot=/usr/local/oecore-x86_64/sysroots/cortexa9hf-neon-oe-linux-gnueabi' '-march=armv7-a' '-marm' '-mfpu=neon' '-mfloat-abi=hard' '-mcpu=cortex-a9' '-march=armv7-a' '-marm' '-mfpu=neon' '-mfloat-abi=hard' '-mcpu=cortex-a9' '-v' '-rdynamic' '-o' 'cmTC_931c7' '-L/usr/local/oecore-x86_64/sysroots/cortexa9hf-neon-oe-linux-gnueabi/usr/lib' '-mtls-dialect=gnu']
  link line: [ /usr/local/oecore-x86_64/sysroots/x86_64-oesdk-linux/usr/libexec/arm-oe-linux-gnueabi/gcc/arm-oe-linux-gnueabi/7.3.0/collect2 -plugin /usr/local/oecore-x86_64/sysroots/x86_64-oesdk-linux/usr/libexec/arm-oe-linux-gnueabi/gcc/arm-oe-linux-gnueabi/7.3.0/liblto_plugin.so -plugin-opt=/usr/local/oecore-x86_64/sysroots/x86_64-oesdk-linux/usr/libexec/arm-oe-linux-gnueabi/gcc/arm-oe-linux-gnueabi/7.3.0/lto-wrapper -plugin-opt=-fresolution=/tmp/ccpeYFF4.res -plugin-opt=-pass-through=-lgcc -plugin-opt=-pass-through=-lgcc_s -plugin-opt=-pass-through=-lc -plugin-opt=-pass-through=-lgcc -plugin-opt=-pass-through=-lgcc_s --sysroot=/usr/local/oecore-x86_64/sysroots/cortexa9hf-neon-oe-linux-gnueabi --build-id --eh-frame-hdr --hash-style=gnu -export-dynamic -dynamic-linker /lib/ld-linux-armhf.so.3 -X -m armelf_linux_eabi -o cmTC_931c7 /usr/local/oecore-x86_64/sysroots/cortexa9hf-neon-oe-linux-gnueabi/usr/lib/crt1.o /usr/local/oecore-x86_64/sysroots/cortexa9hf-neon-oe-linux-gnueabi/usr/lib/crti.o /usr/local/oecore-x86_64/sysroots/cortexa9hf-neon-oe-linux-gnueabi/usr/lib/arm-oe-linux-gnueabi/7.3.0/crtbegin.o -L/usr/local/oecore-x86_64/sysroots/cortexa9hf-neon-oe-linux-gnueabi/usr/lib -L/usr/local/oecore-x86_64/sysroots/x86_64-oesdk-linux/usr/lib/arm-oe-linux-gnueabi/gcc/arm-oe-linux-gnueabi/7.3.0 -L/usr/local/oecore-x86_64/sysroots/cortexa9hf-neon-oe-linux-gnueabi/lib -L/usr/local/oecore-x86_64/sysroots/cortexa9hf-neon-oe-linux-gnueabi/usr/lib/arm-oe-linux-gnueabi/7.3.0 -L/usr/local/oecore-x86_64/sysroots/cortexa9hf-neon-oe-linux-gnueabi/usr/lib CMakeFiles/cmTC_931c7.dir/CMakeCCompilerABI.c.o -lgcc --as-needed -lgcc_s --no-as-needed -lc -lgcc --as-needed -lgcc_s --no-as-needed /usr/local/oecore-x86_64/sysroots/cortexa9hf-neon-oe-linux-gnueabi/usr/lib/arm-oe-linux-gnueabi/7.3.0/crtend.o /usr/local/oecore-x86_64/sysroots/cortexa9hf-neon-oe-linux-gnueabi/usr/lib/crtn.o]
    arg [/usr/local/oecore-x86_64/sysroots/x86_64-oesdk-linux/usr/libexec/arm-oe-linux-gnueabi/gcc/arm-oe-linux-gnueabi/7.3.0/collect2] ==> ignore
    arg [-plugin] ==> ignore
    arg [/usr/local/oecore-x86_64/sysroots/x86_64-oesdk-linux/usr/libexec/arm-oe-linux-gnueabi/gcc/arm-oe-linux-gnueabi/7.3.0/liblto_plugin.so] ==> ignore
    arg [-plugin-opt=/usr/local/oecore-x86_64/sysroots/x86_64-oesdk-linux/usr/libexec/arm-oe-linux-gnueabi/gcc/arm-oe-linux-gnueabi/7.3.0/lto-wrapper] ==> ignore
    arg [-plugin-opt=-fresolution=/tmp/ccpeYFF4.res] ==> ignore
    arg [-plugin-opt=-pass-through=-lgcc] ==> ignore
    arg [-plugin-opt=-pass-through=-lgcc_s] ==> ignore
    arg [-plugin-opt=-pass-through=-lc] ==> ignore
    arg [-plugin-opt=-pass-through=-lgcc] ==> ignore
    arg [-plugin-opt=-pass-through=-lgcc_s] ==> ignore
    arg [--sysroot=/usr/local/oecore-x86_64/sysroots/cortexa9hf-neon-oe-linux-gnueabi] ==> ignore
    arg [--build-id] ==> ignore
    arg [--eh-frame-hdr] ==> ignore
    arg [--hash-style=gnu] ==> ignore
    arg [-export-dynamic] ==> ignore
    arg [-dynamic-linker] ==> ignore
    arg [/lib/ld-linux-armhf.so.3] ==> ignore
    arg [-X] ==> ignore
    arg [-m] ==> ignore
    arg [armelf_linux_eabi] ==> ignore
    arg [-o] ==> ignore
    arg [cmTC_931c7] ==> ignore
    arg [/usr/local/oecore-x86_64/sysroots/cortexa9hf-neon-oe-linux-gnueabi/usr/lib/crt1.o] ==> ignore
    arg [/usr/local/oecore-x86_64/sysroots/cortexa9hf-neon-oe-linux-gnueabi/usr/lib/crti.o] ==> ignore
    arg [/usr/local/oecore-x86_64/sysroots/cortexa9hf-neon-oe-linux-gnueabi/usr/lib/arm-oe-linux-gnueabi/7.3.0/crtbegin.o] ==> ignore
    arg [-L/usr/local/oecore-x86_64/sysroots/cortexa9hf-neon-oe-linux-gnueabi/usr/lib] ==> dir [/usr/local/oecore-x86_64/sysroots/cortexa9hf-neon-oe-linux-gnueabi/usr/lib]
    arg [-L/usr/local/oecore-x86_64/sysroots/x86_64-oesdk-linux/usr/lib/arm-oe-linux-gnueabi/gcc/arm-oe-linux-gnueabi/7.3.0] ==> dir [/usr/local/oecore-x86_64/sysroots/x86_64-oesdk-linux/usr/lib/arm-oe-linux-gnueabi/gcc/arm-oe-linux-gnueabi/7.3.0]
    arg [-L/usr/local/oecore-x86_64/sysroots/cortexa9hf-neon-oe-linux-gnueabi/lib] ==> dir [/usr/local/oecore-x86_64/sysroots/cortexa9hf-neon-oe-linux-gnueabi/lib]
    arg [-L/usr/local/oecore-x86_64/sysroots/cortexa9hf-neon-oe-linux-gnueabi/usr/lib/arm-oe-linux-gnueabi/7.3.0] ==> dir [/usr/local/oecore-x86_64/sysroots/cortexa9hf-neon-oe-linux-gnueabi/usr/lib/arm-oe-linux-gnueabi/7.3.0]
    arg [-L/usr/local/oecore-x86_64/sysroots/cortexa9hf-neon-oe-linux-gnueabi/usr/lib] ==> dir [/usr/local/oecore-x86_64/sysroots/cortexa9hf-neon-oe-linux-gnueabi/usr/lib]
    arg [CMakeFiles/cmTC_931c7.dir/CMakeCCompilerABI.c.o] ==> ignore
    arg [-lgcc] ==> lib [gcc]
    arg [--as-needed] ==> ignore
    arg [-lgcc_s] ==> lib [gcc_s]
    arg [--no-as-needed] ==> ignore
    arg [-lc] ==> lib [c]
    arg [-lgcc] ==> lib [gcc]
    arg [--as-needed] ==> ignore
    arg [-lgcc_s] ==> lib [gcc_s]
    arg [--no-as-needed] ==> ignore
    arg [/usr/local/oecore-x86_64/sysroots/cortexa9hf-neon-oe-linux-gnueabi/usr/lib/arm-oe-linux-gnueabi/7.3.0/crtend.o] ==> ignore
    arg [/usr/local/oecore-x86_64/sysroots/cortexa9hf-neon-oe-linux-gnueabi/usr/lib/crtn.o] ==> ignore
  collapse library dir [/usr/local/oecore-x86_64/sysroots/cortexa9hf-neon-oe-linux-gnueabi/usr/lib] ==> [/usr/local/oecore-x86_64/sysroots/cortexa9hf-neon-oe-linux-gnueabi/usr/lib]
  collapse library dir [/usr/local/oecore-x86_64/sysroots/x86_64-oesdk-linux/usr/lib/arm-oe-linux-gnueabi/gcc/arm-oe-linux-gnueabi/7.3.0] ==> [/usr/local/oecore-x86_64/sysroots/x86_64-oesdk-linux/usr/lib/arm-oe-linux-gnueabi/gcc/arm-oe-linux-gnueabi/7.3.0]
  collapse library dir [/usr/local/oecore-x86_64/sysroots/cortexa9hf-neon-oe-linux-gnueabi/lib] ==> [/usr/local/oecore-x86_64/sysroots/cortexa9hf-neon-oe-linux-gnueabi/lib]
  collapse library dir [/usr/local/oecore-x86_64/sysroots/cortexa9hf-neon-oe-linux-gnueabi/usr/lib/arm-oe-linux-gnueabi/7.3.0] ==> [/usr/local/oecore-x86_64/sysroots/cortexa9hf-neon-oe-linux-gnueabi/usr/lib/arm-oe-linux-gnueabi/7.3.0]
  collapse library dir [/usr/local/oecore-x86_64/sysroots/cortexa9hf-neon-oe-linux-gnueabi/usr/lib] ==> [/usr/local/oecore-x86_64/sysroots/cortexa9hf-neon-oe-linux-gnueabi/usr/lib]
  implicit libs: [gcc;gcc_s;c;gcc;gcc_s]
  implicit dirs: [/usr/local/oecore-x86_64/sysroots/cortexa9hf-neon-oe-linux-gnueabi/usr/lib;/usr/local/oecore-x86_64/sysroots/x86_64-oesdk-linux/usr/lib/arm-oe-linux-gnueabi/gcc/arm-oe-linux-gnueabi/7.3.0;/usr/local/oecore-x86_64/sysroots/cortexa9hf-neon-oe-linux-gnueabi/lib;/usr/local/oecore-x86_64/sysroots/cortexa9hf-neon-oe-linux-gnueabi/usr/lib/arm-oe-linux-gnueabi/7.3.0]
  implicit fwks: []


Determining if the CXX compiler works passed with the following output:
Change Dir: /home/sielf/cloud/science/cmake-build-cross1/CMakeFiles/CMakeTmp

Run Build Command(s):/usr/bin/make cmTC_82abd/fast && /usr/bin/make -f CMakeFiles/cmTC_82abd.dir/build.make CMakeFiles/cmTC_82abd.dir/build
make[1]: Entering directory '/home/sielf/cloud/science/cmake-build-cross1/CMakeFiles/CMakeTmp'
Building CXX object CMakeFiles/cmTC_82abd.dir/testCXXCompiler.cxx.o
/usr/local/oecore-x86_64/sysroots/x86_64-oesdk-linux/usr/bin/arm-oe-linux-gnueabi/arm-oe-linux-gnueabi-g++ --sysroot=/usr/local/oecore-x86_64/sysroots/cortexa9hf-neon-oe-linux-gnueabi    -march=armv7-a -marm -mfpu=neon  -mfloat-abi=hard -mcpu=cortex-a9  -march=armv7-a -marm -mfpu=neon  -mfloat-abi=hard -mcpu=cortex-a9    -o CMakeFiles/cmTC_82abd.dir/testCXXCompiler.cxx.o -c /home/sielf/cloud/science/cmake-build-cross1/CMakeFiles/CMakeTmp/testCXXCompiler.cxx
Linking CXX executable cmTC_82abd
/home/sielf/Downloads/clion-2019.3.4/bin/cmake/linux/bin/cmake -E cmake_link_script CMakeFiles/cmTC_82abd.dir/link.txt --verbose=1
/usr/local/oecore-x86_64/sysroots/x86_64-oesdk-linux/usr/bin/arm-oe-linux-gnueabi/arm-oe-linux-gnueabi-g++ --sysroot=/usr/local/oecore-x86_64/sysroots/cortexa9hf-neon-oe-linux-gnueabi    -march=armv7-a -marm -mfpu=neon  -mfloat-abi=hard -mcpu=cortex-a9  -march=armv7-a -marm -mfpu=neon  -mfloat-abi=hard -mcpu=cortex-a9     -rdynamic CMakeFiles/cmTC_82abd.dir/testCXXCompiler.cxx.o  -o cmTC_82abd  -L/usr/local/oecore-x86_64/sysroots/cortexa9hf-neon-oe-linux-gnueabi/usr/lib 
make[1]: Leaving directory '/home/sielf/cloud/science/cmake-build-cross1/CMakeFiles/CMakeTmp'



Detecting CXX compiler ABI info compiled with the following output:
Change Dir: /home/sielf/cloud/science/cmake-build-cross1/CMakeFiles/CMakeTmp

Run Build Command(s):/usr/bin/make cmTC_11b56/fast && /usr/bin/make -f CMakeFiles/cmTC_11b56.dir/build.make CMakeFiles/cmTC_11b56.dir/build
make[1]: Entering directory '/home/sielf/cloud/science/cmake-build-cross1/CMakeFiles/CMakeTmp'
Building CXX object CMakeFiles/cmTC_11b56.dir/CMakeCXXCompilerABI.cpp.o
/usr/local/oecore-x86_64/sysroots/x86_64-oesdk-linux/usr/bin/arm-oe-linux-gnueabi/arm-oe-linux-gnueabi-g++ --sysroot=/usr/local/oecore-x86_64/sysroots/cortexa9hf-neon-oe-linux-gnueabi    -march=armv7-a -marm -mfpu=neon  -mfloat-abi=hard -mcpu=cortex-a9  -march=armv7-a -marm -mfpu=neon  -mfloat-abi=hard -mcpu=cortex-a9    -v -o CMakeFiles/cmTC_11b56.dir/CMakeCXXCompilerABI.cpp.o -c /home/sielf/Downloads/clion-2019.3.4/bin/cmake/linux/share/cmake-3.15/Modules/CMakeCXXCompilerABI.cpp
Using built-in specs.
COLLECT_GCC=/usr/local/oecore-x86_64/sysroots/x86_64-oesdk-linux/usr/bin/arm-oe-linux-gnueabi/arm-oe-linux-gnueabi-g++
Target: arm-oe-linux-gnueabi
Configured with: ../../../../../../work-shared/gcc-7.3.0-r0/gcc-7.3.0/configure --build=x86_64-linux --host=x86_64-oesdk-linux --target=arm-oe-linux-gnueabi --prefix=/usr/local/oecore-x86_64/sysroots/x86_64-oesdk-linux/usr --exec_prefix=/usr/local/oecore-x86_64/sysroots/x86_64-oesdk-linux/usr --bindir=/usr/local/oecore-x86_64/sysroots/x86_64-oesdk-linux/usr/bin/arm-oe-linux-gnueabi --sbindir=/usr/local/oecore-x86_64/sysroots/x86_64-oesdk-linux/usr/bin/arm-oe-linux-gnueabi --libexecdir=/usr/local/oecore-x86_64/sysroots/x86_64-oesdk-linux/usr/libexec/arm-oe-linux-gnueabi --datadir=/usr/local/oecore-x86_64/sysroots/x86_64-oesdk-linux/usr/share --sysconfdir=/usr/local/oecore-x86_64/sysroots/x86_64-oesdk-linux/etc --sharedstatedir=/usr/local/oecore-x86_64/sysroots/x86_64-oesdk-linux/com --localstatedir=/usr/local/oecore-x86_64/sysroots/x86_64-oesdk-linux/var --libdir=/usr/local/oecore-x86_64/sysroots/x86_64-oesdk-linux/usr/lib/arm-oe-linux-gnueabi --includedir=/usr/local/oecore-x86_64/sysroots/x86_64-oesdk-linux/usr/include --oldincludedir=/usr/local/oecore-x86_64/sysroots/x86_64-oesdk-linux/usr/include --infodir=/usr/local/oecore-x86_64/sysroots/x86_64-oesdk-linux/usr/share/info --mandir=/usr/local/oecore-x86_64/sysroots/x86_64-oesdk-linux/usr/share/man --disable-silent-rules --disable-dependency-tracking --with-libtool-sysroot=/media/eleps/data/repos/test/openembedded-core/build/tmp-glibc/work/x86_64-nativesdk-oesdk-linux/gcc-cross-canadian-arm/7.3.0-r0/recipe-sysroot --with-gnu-ld --enable-shared --enable-languages=c,c++ --enable-threads=posix --enable-multilib --enable-c99 --enable-long-long --enable-symvers=gnu --enable-libstdcxx-pch --program-prefix=arm-oe-linux-gnueabi- --without-local-prefix --enable-lto --enable-libssp --enable-libitm --disable-bootstrap --disable-libmudflap --with-system-zlib --with-linker-hash-style=gnu --enable-linker-build-id --with-ppl=no --with-cloog=no --enable-checking=release --enable-cheaders=c_global --without-isl --with-gxx-include-dir=/not/exist/usr/include/c++/7.3.0 --with-build-time-tools=/media/eleps/data/repos/test/openembedded-core/build/tmp-glibc/work/x86_64-nativesdk-oesdk-linux/gcc-cross-canadian-arm/7.3.0-r0/recipe-sysroot-native/usr/arm-oe-linux-gnueabi/bin --with-sysroot=/not/exist --with-build-sysroot=/media/eleps/data/repos/test/openembedded-core/build/tmp-glibc/work/x86_64-nativesdk-oesdk-linux/gcc-cross-canadian-arm/7.3.0-r0/recipe-sysroot --without-long-double-128 --enable-poison-system-directories --with-mpfr=/media/eleps/data/repos/test/openembedded-core/build/tmp-glibc/work/x86_64-nativesdk-oesdk-linux/gcc-cross-canadian-arm/7.3.0-r0/recipe-sysroot --with-mpc=/media/eleps/data/repos/test/openembedded-core/build/tmp-glibc/work/x86_64-nativesdk-oesdk-linux/gcc-cross-canadian-arm/7.3.0-r0/recipe-sysroot --enable-nls --enable-initfini-array
Thread model: posix
gcc version 7.3.0 (GCC) 
COLLECT_GCC_OPTIONS='--sysroot=/usr/local/oecore-x86_64/sysroots/cortexa9hf-neon-oe-linux-gnueabi' '-march=armv7-a' '-marm' '-mfpu=neon' '-mfloat-abi=hard' '-mcpu=cortex-a9' '-march=armv7-a' '-marm' '-mfpu=neon' '-mfloat-abi=hard' '-mcpu=cortex-a9' '-v' '-o' 'CMakeFiles/cmTC_11b56.dir/CMakeCXXCompilerABI.cpp.o' '-c' '-shared-libgcc' '-mtls-dialect=gnu'
 /usr/local/oecore-x86_64/sysroots/x86_64-oesdk-linux/usr/libexec/arm-oe-linux-gnueabi/gcc/arm-oe-linux-gnueabi/7.3.0/cc1plus -quiet -v -isysroot /usr/local/oecore-x86_64/sysroots/cortexa9hf-neon-oe-linux-gnueabi -D_GNU_SOURCE /home/sielf/Downloads/clion-2019.3.4/bin/cmake/linux/share/cmake-3.15/Modules/CMakeCXXCompilerABI.cpp -quiet -dumpbase CMakeCXXCompilerABI.cpp -march=armv7-a -marm -mfpu=neon -mfloat-abi=hard -mcpu=cortex-a9 -march=armv7-a -marm -mfpu=neon -mfloat-abi=hard -mcpu=cortex-a9 -mtls-dialect=gnu -auxbase-strip CMakeFiles/cmTC_11b56.dir/CMakeCXXCompilerABI.cpp.o -version -o /tmp/ccfjvO0C.s
GNU C++14 (GCC) version 7.3.0 (arm-oe-linux-gnueabi)
	compiled by GNU C version 7.3.0, GMP version 6.1.2, MPFR version 3.1.5, MPC version 1.0.3, isl version none
GGC heuristics: --param ggc-min-expand=100 --param ggc-min-heapsize=131072
ignoring nonexistent directory "/usr/local/oecore-x86_64/sysroots/cortexa9hf-neon-oe-linux-gnueabi/usr/local/include"
ignoring nonexistent directory "/usr/local/oecore-x86_64/sysroots/x86_64-oesdk-linux/usr/lib/arm-oe-linux-gnueabi/gcc/arm-oe-linux-gnueabi/7.3.0/../../../../../arm-oe-linux-gnueabi/include"
#include "..." search starts here:
#include <...> search starts here:
 /usr/local/oecore-x86_64/sysroots/cortexa9hf-neon-oe-linux-gnueabi/usr/include/c++/7.3.0
 /usr/local/oecore-x86_64/sysroots/cortexa9hf-neon-oe-linux-gnueabi/usr/include/c++/7.3.0/arm-oe-linux-gnueabi
 /usr/local/oecore-x86_64/sysroots/cortexa9hf-neon-oe-linux-gnueabi/usr/include/c++/7.3.0/backward
 /usr/local/oecore-x86_64/sysroots/x86_64-oesdk-linux/usr/lib/arm-oe-linux-gnueabi/gcc/arm-oe-linux-gnueabi/7.3.0/include
 /usr/local/oecore-x86_64/sysroots/cortexa9hf-neon-oe-linux-gnueabi/usr/lib/gcc/arm-oe-linux-gnueabi/7.3.0/include
 /usr/local/oecore-x86_64/sysroots/x86_64-oesdk-linux/usr/lib/arm-oe-linux-gnueabi/gcc/arm-oe-linux-gnueabi/7.3.0/include-fixed
 /usr/local/oecore-x86_64/sysroots/cortexa9hf-neon-oe-linux-gnueabi/usr/include/
End of search list.
GNU C++14 (GCC) version 7.3.0 (arm-oe-linux-gnueabi)
	compiled by GNU C version 7.3.0, GMP version 6.1.2, MPFR version 3.1.5, MPC version 1.0.3, isl version none
GGC heuristics: --param ggc-min-expand=100 --param ggc-min-heapsize=131072
Compiler executable checksum: 8dd718882533dd28ee5d84a22ed92c82
COLLECT_GCC_OPTIONS='--sysroot=/usr/local/oecore-x86_64/sysroots/cortexa9hf-neon-oe-linux-gnueabi' '-march=armv7-a' '-marm' '-mfpu=neon' '-mfloat-abi=hard' '-mcpu=cortex-a9' '-march=armv7-a' '-marm' '-mfpu=neon' '-mfloat-abi=hard' '-mcpu=cortex-a9' '-v' '-o' 'CMakeFiles/cmTC_11b56.dir/CMakeCXXCompilerABI.cpp.o' '-c' '-shared-libgcc' '-mtls-dialect=gnu'
 /usr/local/oecore-x86_64/sysroots/x86_64-oesdk-linux/usr/libexec/arm-oe-linux-gnueabi/gcc/arm-oe-linux-gnueabi/7.3.0/as -v -march=armv7-a -march=armv7-a -mcpu=cortex-a9 -mfloat-abi=hard -mfloat-abi=hard -mfpu=neon -mfpu=neon -meabi=5 -o CMakeFiles/cmTC_11b56.dir/CMakeCXXCompilerABI.cpp.o /tmp/ccfjvO0C.s
GNU assembler version 2.29.1 (arm-oe-linux-gnueabi) using BFD version (GNU Binutils) 2.29.1.20170915
COMPILER_PATH=/usr/local/oecore-x86_64/sysroots/x86_64-oesdk-linux/usr/libexec/arm-oe-linux-gnueabi/gcc/arm-oe-linux-gnueabi/7.3.0/:/usr/local/oecore-x86_64/sysroots/x86_64-oesdk-linux/usr/libexec/arm-oe-linux-gnueabi/gcc/arm-oe-linux-gnueabi/7.3.0/:/usr/local/oecore-x86_64/sysroots/x86_64-oesdk-linux/usr/libexec/arm-oe-linux-gnueabi/gcc/arm-oe-linux-gnueabi/:/usr/local/oecore-x86_64/sysroots/x86_64-oesdk-linux/usr/lib/arm-oe-linux-gnueabi/gcc/arm-oe-linux-gnueabi/7.3.0/:/usr/local/oecore-x86_64/sysroots/x86_64-oesdk-linux/usr/lib/arm-oe-linux-gnueabi/gcc/arm-oe-linux-gnueabi/
LIBRARY_PATH=/usr/local/oecore-x86_64/sysroots/x86_64-oesdk-linux/usr/lib/arm-oe-linux-gnueabi/gcc/arm-oe-linux-gnueabi/7.3.0/:/usr/local/oecore-x86_64/sysroots/cortexa9hf-neon-oe-linux-gnueabi/lib/:/usr/local/oecore-x86_64/sysroots/cortexa9hf-neon-oe-linux-gnueabi/usr/lib/arm-oe-linux-gnueabi/7.3.0/:/usr/local/oecore-x86_64/sysroots/cortexa9hf-neon-oe-linux-gnueabi/usr/lib/
COLLECT_GCC_OPTIONS='--sysroot=/usr/local/oecore-x86_64/sysroots/cortexa9hf-neon-oe-linux-gnueabi' '-march=armv7-a' '-marm' '-mfpu=neon' '-mfloat-abi=hard' '-mcpu=cortex-a9' '-march=armv7-a' '-marm' '-mfpu=neon' '-mfloat-abi=hard' '-mcpu=cortex-a9' '-v' '-o' 'CMakeFiles/cmTC_11b56.dir/CMakeCXXCompilerABI.cpp.o' '-c' '-shared-libgcc' '-mtls-dialect=gnu'
Linking CXX executable cmTC_11b56
/home/sielf/Downloads/clion-2019.3.4/bin/cmake/linux/bin/cmake -E cmake_link_script CMakeFiles/cmTC_11b56.dir/link.txt --verbose=1
/usr/local/oecore-x86_64/sysroots/x86_64-oesdk-linux/usr/bin/arm-oe-linux-gnueabi/arm-oe-linux-gnueabi-g++ --sysroot=/usr/local/oecore-x86_64/sysroots/cortexa9hf-neon-oe-linux-gnueabi    -march=armv7-a -marm -mfpu=neon  -mfloat-abi=hard -mcpu=cortex-a9  -march=armv7-a -marm -mfpu=neon  -mfloat-abi=hard -mcpu=cortex-a9    -v -rdynamic CMakeFiles/cmTC_11b56.dir/CMakeCXXCompilerABI.cpp.o  -o cmTC_11b56  -L/usr/local/oecore-x86_64/sysroots/cortexa9hf-neon-oe-linux-gnueabi/usr/lib 
Using built-in specs.
COLLECT_GCC=/usr/local/oecore-x86_64/sysroots/x86_64-oesdk-linux/usr/bin/arm-oe-linux-gnueabi/arm-oe-linux-gnueabi-g++
COLLECT_LTO_WRAPPER=/usr/local/oecore-x86_64/sysroots/x86_64-oesdk-linux/usr/libexec/arm-oe-linux-gnueabi/gcc/arm-oe-linux-gnueabi/7.3.0/lto-wrapper
Target: arm-oe-linux-gnueabi
Configured with: ../../../../../../work-shared/gcc-7.3.0-r0/gcc-7.3.0/configure --build=x86_64-linux --host=x86_64-oesdk-linux --target=arm-oe-linux-gnueabi --prefix=/usr/local/oecore-x86_64/sysroots/x86_64-oesdk-linux/usr --exec_prefix=/usr/local/oecore-x86_64/sysroots/x86_64-oesdk-linux/usr --bindir=/usr/local/oecore-x86_64/sysroots/x86_64-oesdk-linux/usr/bin/arm-oe-linux-gnueabi --sbindir=/usr/local/oecore-x86_64/sysroots/x86_64-oesdk-linux/usr/bin/arm-oe-linux-gnueabi --libexecdir=/usr/local/oecore-x86_64/sysroots/x86_64-oesdk-linux/usr/libexec/arm-oe-linux-gnueabi --datadir=/usr/local/oecore-x86_64/sysroots/x86_64-oesdk-linux/usr/share --sysconfdir=/usr/local/oecore-x86_64/sysroots/x86_64-oesdk-linux/etc --sharedstatedir=/usr/local/oecore-x86_64/sysroots/x86_64-oesdk-linux/com --localstatedir=/usr/local/oecore-x86_64/sysroots/x86_64-oesdk-linux/var --libdir=/usr/local/oecore-x86_64/sysroots/x86_64-oesdk-linux/usr/lib/arm-oe-linux-gnueabi --includedir=/usr/local/oecore-x86_64/sysroots/x86_64-oesdk-linux/usr/include --oldincludedir=/usr/local/oecore-x86_64/sysroots/x86_64-oesdk-linux/usr/include --infodir=/usr/local/oecore-x86_64/sysroots/x86_64-oesdk-linux/usr/share/info --mandir=/usr/local/oecore-x86_64/sysroots/x86_64-oesdk-linux/usr/share/man --disable-silent-rules --disable-dependency-tracking --with-libtool-sysroot=/media/eleps/data/repos/test/openembedded-core/build/tmp-glibc/work/x86_64-nativesdk-oesdk-linux/gcc-cross-canadian-arm/7.3.0-r0/recipe-sysroot --with-gnu-ld --enable-shared --enable-languages=c,c++ --enable-threads=posix --enable-multilib --enable-c99 --enable-long-long --enable-symvers=gnu --enable-libstdcxx-pch --program-prefix=arm-oe-linux-gnueabi- --without-local-prefix --enable-lto --enable-libssp --enable-libitm --disable-bootstrap --disable-libmudflap --with-system-zlib --with-linker-hash-style=gnu --enable-linker-build-id --with-ppl=no --with-cloog=no --enable-checking=release --enable-cheaders=c_global --without-isl --with-gxx-include-dir=/not/exist/usr/include/c++/7.3.0 --with-build-time-tools=/media/eleps/data/repos/test/openembedded-core/build/tmp-glibc/work/x86_64-nativesdk-oesdk-linux/gcc-cross-canadian-arm/7.3.0-r0/recipe-sysroot-native/usr/arm-oe-linux-gnueabi/bin --with-sysroot=/not/exist --with-build-sysroot=/media/eleps/data/repos/test/openembedded-core/build/tmp-glibc/work/x86_64-nativesdk-oesdk-linux/gcc-cross-canadian-arm/7.3.0-r0/recipe-sysroot --without-long-double-128 --enable-poison-system-directories --with-mpfr=/media/eleps/data/repos/test/openembedded-core/build/tmp-glibc/work/x86_64-nativesdk-oesdk-linux/gcc-cross-canadian-arm/7.3.0-r0/recipe-sysroot --with-mpc=/media/eleps/data/repos/test/openembedded-core/build/tmp-glibc/work/x86_64-nativesdk-oesdk-linux/gcc-cross-canadian-arm/7.3.0-r0/recipe-sysroot --enable-nls --enable-initfini-array
Thread model: posix
gcc version 7.3.0 (GCC) 
COMPILER_PATH=/usr/local/oecore-x86_64/sysroots/x86_64-oesdk-linux/usr/libexec/arm-oe-linux-gnueabi/gcc/arm-oe-linux-gnueabi/7.3.0/:/usr/local/oecore-x86_64/sysroots/x86_64-oesdk-linux/usr/libexec/arm-oe-linux-gnueabi/gcc/arm-oe-linux-gnueabi/7.3.0/:/usr/local/oecore-x86_64/sysroots/x86_64-oesdk-linux/usr/libexec/arm-oe-linux-gnueabi/gcc/arm-oe-linux-gnueabi/:/usr/local/oecore-x86_64/sysroots/x86_64-oesdk-linux/usr/lib/arm-oe-linux-gnueabi/gcc/arm-oe-linux-gnueabi/7.3.0/:/usr/local/oecore-x86_64/sysroots/x86_64-oesdk-linux/usr/lib/arm-oe-linux-gnueabi/gcc/arm-oe-linux-gnueabi/
LIBRARY_PATH=/usr/local/oecore-x86_64/sysroots/x86_64-oesdk-linux/usr/lib/arm-oe-linux-gnueabi/gcc/arm-oe-linux-gnueabi/7.3.0/:/usr/local/oecore-x86_64/sysroots/cortexa9hf-neon-oe-linux-gnueabi/lib/:/usr/local/oecore-x86_64/sysroots/cortexa9hf-neon-oe-linux-gnueabi/usr/lib/arm-oe-linux-gnueabi/7.3.0/:/usr/local/oecore-x86_64/sysroots/cortexa9hf-neon-oe-linux-gnueabi/usr/lib/
COLLECT_GCC_OPTIONS='--sysroot=/usr/local/oecore-x86_64/sysroots/cortexa9hf-neon-oe-linux-gnueabi' '-march=armv7-a' '-marm' '-mfpu=neon' '-mfloat-abi=hard' '-mcpu=cortex-a9' '-march=armv7-a' '-marm' '-mfpu=neon' '-mfloat-abi=hard' '-mcpu=cortex-a9' '-v' '-rdynamic' '-o' 'cmTC_11b56' '-L/usr/local/oecore-x86_64/sysroots/cortexa9hf-neon-oe-linux-gnueabi/usr/lib' '-shared-libgcc' '-mtls-dialect=gnu'
 /usr/local/oecore-x86_64/sysroots/x86_64-oesdk-linux/usr/libexec/arm-oe-linux-gnueabi/gcc/arm-oe-linux-gnueabi/7.3.0/collect2 -plugin /usr/local/oecore-x86_64/sysroots/x86_64-oesdk-linux/usr/libexec/arm-oe-linux-gnueabi/gcc/arm-oe-linux-gnueabi/7.3.0/liblto_plugin.so -plugin-opt=/usr/local/oecore-x86_64/sysroots/x86_64-oesdk-linux/usr/libexec/arm-oe-linux-gnueabi/gcc/arm-oe-linux-gnueabi/7.3.0/lto-wrapper -plugin-opt=-fresolution=/tmp/ccgByS3V.res -plugin-opt=-pass-through=-lgcc_s -plugin-opt=-pass-through=-lgcc -plugin-opt=-pass-through=-lc -plugin-opt=-pass-through=-lgcc_s -plugin-opt=-pass-through=-lgcc --sysroot=/usr/local/oecore-x86_64/sysroots/cortexa9hf-neon-oe-linux-gnueabi --build-id --eh-frame-hdr --hash-style=gnu -export-dynamic -dynamic-linker /lib/ld-linux-armhf.so.3 -X -m armelf_linux_eabi -o cmTC_11b56 /usr/local/oecore-x86_64/sysroots/cortexa9hf-neon-oe-linux-gnueabi/usr/lib/crt1.o /usr/local/oecore-x86_64/sysroots/cortexa9hf-neon-oe-linux-gnueabi/usr/lib/crti.o /usr/local/oecore-x86_64/sysroots/cortexa9hf-neon-oe-linux-gnueabi/usr/lib/arm-oe-linux-gnueabi/7.3.0/crtbegin.o -L/usr/local/oecore-x86_64/sysroots/cortexa9hf-neon-oe-linux-gnueabi/usr/lib -L/usr/local/oecore-x86_64/sysroots/x86_64-oesdk-linux/usr/lib/arm-oe-linux-gnueabi/gcc/arm-oe-linux-gnueabi/7.3.0 -L/usr/local/oecore-x86_64/sysroots/cortexa9hf-neon-oe-linux-gnueabi/lib -L/usr/local/oecore-x86_64/sysroots/cortexa9hf-neon-oe-linux-gnueabi/usr/lib/arm-oe-linux-gnueabi/7.3.0 -L/usr/local/oecore-x86_64/sysroots/cortexa9hf-neon-oe-linux-gnueabi/usr/lib CMakeFiles/cmTC_11b56.dir/CMakeCXXCompilerABI.cpp.o -lstdc++ -lm -lgcc_s -lgcc -lc -lgcc_s -lgcc /usr/local/oecore-x86_64/sysroots/cortexa9hf-neon-oe-linux-gnueabi/usr/lib/arm-oe-linux-gnueabi/7.3.0/crtend.o /usr/local/oecore-x86_64/sysroots/cortexa9hf-neon-oe-linux-gnueabi/usr/lib/crtn.o
COLLECT_GCC_OPTIONS='--sysroot=/usr/local/oecore-x86_64/sysroots/cortexa9hf-neon-oe-linux-gnueabi' '-march=armv7-a' '-marm' '-mfpu=neon' '-mfloat-abi=hard' '-mcpu=cortex-a9' '-march=armv7-a' '-marm' '-mfpu=neon' '-mfloat-abi=hard' '-mcpu=cortex-a9' '-v' '-rdynamic' '-o' 'cmTC_11b56' '-L/usr/local/oecore-x86_64/sysroots/cortexa9hf-neon-oe-linux-gnueabi/usr/lib' '-shared-libgcc' '-mtls-dialect=gnu'
make[1]: Leaving directory '/home/sielf/cloud/science/cmake-build-cross1/CMakeFiles/CMakeTmp'



Parsed CXX implicit include dir info from above output: rv=done
  found start of include info
  found start of implicit include info
    add: [/usr/local/oecore-x86_64/sysroots/cortexa9hf-neon-oe-linux-gnueabi/usr/include/c++/7.3.0]
    add: [/usr/local/oecore-x86_64/sysroots/cortexa9hf-neon-oe-linux-gnueabi/usr/include/c++/7.3.0/arm-oe-linux-gnueabi]
    add: [/usr/local/oecore-x86_64/sysroots/cortexa9hf-neon-oe-linux-gnueabi/usr/include/c++/7.3.0/backward]
    add: [/usr/local/oecore-x86_64/sysroots/x86_64-oesdk-linux/usr/lib/arm-oe-linux-gnueabi/gcc/arm-oe-linux-gnueabi/7.3.0/include]
    add: [/usr/local/oecore-x86_64/sysroots/cortexa9hf-neon-oe-linux-gnueabi/usr/lib/gcc/arm-oe-linux-gnueabi/7.3.0/include]
    add: [/usr/local/oecore-x86_64/sysroots/x86_64-oesdk-linux/usr/lib/arm-oe-linux-gnueabi/gcc/arm-oe-linux-gnueabi/7.3.0/include-fixed]
    add: [/usr/local/oecore-x86_64/sysroots/cortexa9hf-neon-oe-linux-gnueabi/usr/include/]
  end of search list found
  collapse include dir [/usr/local/oecore-x86_64/sysroots/cortexa9hf-neon-oe-linux-gnueabi/usr/include/c++/7.3.0] ==> [/usr/local/oecore-x86_64/sysroots/cortexa9hf-neon-oe-linux-gnueabi/usr/include/c++/7.3.0]
  collapse include dir [/usr/local/oecore-x86_64/sysroots/cortexa9hf-neon-oe-linux-gnueabi/usr/include/c++/7.3.0/arm-oe-linux-gnueabi] ==> [/usr/local/oecore-x86_64/sysroots/cortexa9hf-neon-oe-linux-gnueabi/usr/include/c++/7.3.0/arm-oe-linux-gnueabi]
  collapse include dir [/usr/local/oecore-x86_64/sysroots/cortexa9hf-neon-oe-linux-gnueabi/usr/include/c++/7.3.0/backward] ==> [/usr/local/oecore-x86_64/sysroots/cortexa9hf-neon-oe-linux-gnueabi/usr/include/c++/7.3.0/backward]
  collapse include dir [/usr/local/oecore-x86_64/sysroots/x86_64-oesdk-linux/usr/lib/arm-oe-linux-gnueabi/gcc/arm-oe-linux-gnueabi/7.3.0/include] ==> [/usr/local/oecore-x86_64/sysroots/x86_64-oesdk-linux/usr/lib/arm-oe-linux-gnueabi/gcc/arm-oe-linux-gnueabi/7.3.0/include]
  collapse include dir [/usr/local/oecore-x86_64/sysroots/cortexa9hf-neon-oe-linux-gnueabi/usr/lib/gcc/arm-oe-linux-gnueabi/7.3.0/include] ==> [/usr/local/oecore-x86_64/sysroots/cortexa9hf-neon-oe-linux-gnueabi/usr/lib/gcc/arm-oe-linux-gnueabi/7.3.0/include]
  collapse include dir [/usr/local/oecore-x86_64/sysroots/x86_64-oesdk-linux/usr/lib/arm-oe-linux-gnueabi/gcc/arm-oe-linux-gnueabi/7.3.0/include-fixed] ==> [/usr/local/oecore-x86_64/sysroots/x86_64-oesdk-linux/usr/lib/arm-oe-linux-gnueabi/gcc/arm-oe-linux-gnueabi/7.3.0/include-fixed]
  collapse include dir [/usr/local/oecore-x86_64/sysroots/cortexa9hf-neon-oe-linux-gnueabi/usr/include/] ==> [/usr/local/oecore-x86_64/sysroots/cortexa9hf-neon-oe-linux-gnueabi/usr/include]
  implicit include dirs: [/usr/local/oecore-x86_64/sysroots/cortexa9hf-neon-oe-linux-gnueabi/usr/include/c++/7.3.0;/usr/local/oecore-x86_64/sysroots/cortexa9hf-neon-oe-linux-gnueabi/usr/include/c++/7.3.0/arm-oe-linux-gnueabi;/usr/local/oecore-x86_64/sysroots/cortexa9hf-neon-oe-linux-gnueabi/usr/include/c++/7.3.0/backward;/usr/local/oecore-x86_64/sysroots/x86_64-oesdk-linux/usr/lib/arm-oe-linux-gnueabi/gcc/arm-oe-linux-gnueabi/7.3.0/include;/usr/local/oecore-x86_64/sysroots/cortexa9hf-neon-oe-linux-gnueabi/usr/lib/gcc/arm-oe-linux-gnueabi/7.3.0/include;/usr/local/oecore-x86_64/sysroots/x86_64-oesdk-linux/usr/lib/arm-oe-linux-gnueabi/gcc/arm-oe-linux-gnueabi/7.3.0/include-fixed;/usr/local/oecore-x86_64/sysroots/cortexa9hf-neon-oe-linux-gnueabi/usr/include]


Parsed CXX implicit link information from above output:
  link line regex: [^( *|.*[/\])(arm-oe-linux-gnueabi-ld|CMAKE_LINK_STARTFILE-NOTFOUND|([^/\]+-)?ld|collect2)[^/\]*( |$)]
  ignore line: [Change Dir: /home/sielf/cloud/science/cmake-build-cross1/CMakeFiles/CMakeTmp]
  ignore line: []
  ignore line: [Run Build Command(s):/usr/bin/make cmTC_11b56/fast && /usr/bin/make -f CMakeFiles/cmTC_11b56.dir/build.make CMakeFiles/cmTC_11b56.dir/build]
  ignore line: [make[1]: Entering directory '/home/sielf/cloud/science/cmake-build-cross1/CMakeFiles/CMakeTmp']
  ignore line: [Building CXX object CMakeFiles/cmTC_11b56.dir/CMakeCXXCompilerABI.cpp.o]
  ignore line: [/usr/local/oecore-x86_64/sysroots/x86_64-oesdk-linux/usr/bin/arm-oe-linux-gnueabi/arm-oe-linux-gnueabi-g++ --sysroot=/usr/local/oecore-x86_64/sysroots/cortexa9hf-neon-oe-linux-gnueabi    -march=armv7-a -marm -mfpu=neon  -mfloat-abi=hard -mcpu=cortex-a9  -march=armv7-a -marm -mfpu=neon  -mfloat-abi=hard -mcpu=cortex-a9    -v -o CMakeFiles/cmTC_11b56.dir/CMakeCXXCompilerABI.cpp.o -c /home/sielf/Downloads/clion-2019.3.4/bin/cmake/linux/share/cmake-3.15/Modules/CMakeCXXCompilerABI.cpp]
  ignore line: [Using built-in specs.]
  ignore line: [COLLECT_GCC=/usr/local/oecore-x86_64/sysroots/x86_64-oesdk-linux/usr/bin/arm-oe-linux-gnueabi/arm-oe-linux-gnueabi-g++]
  ignore line: [Target: arm-oe-linux-gnueabi]
  ignore line: [Configured with: ../../../../../../work-shared/gcc-7.3.0-r0/gcc-7.3.0/configure --build=x86_64-linux --host=x86_64-oesdk-linux --target=arm-oe-linux-gnueabi --prefix=/usr/local/oecore-x86_64/sysroots/x86_64-oesdk-linux/usr --exec_prefix=/usr/local/oecore-x86_64/sysroots/x86_64-oesdk-linux/usr --bindir=/usr/local/oecore-x86_64/sysroots/x86_64-oesdk-linux/usr/bin/arm-oe-linux-gnueabi --sbindir=/usr/local/oecore-x86_64/sysroots/x86_64-oesdk-linux/usr/bin/arm-oe-linux-gnueabi --libexecdir=/usr/local/oecore-x86_64/sysroots/x86_64-oesdk-linux/usr/libexec/arm-oe-linux-gnueabi --datadir=/usr/local/oecore-x86_64/sysroots/x86_64-oesdk-linux/usr/share --sysconfdir=/usr/local/oecore-x86_64/sysroots/x86_64-oesdk-linux/etc --sharedstatedir=/usr/local/oecore-x86_64/sysroots/x86_64-oesdk-linux/com --localstatedir=/usr/local/oecore-x86_64/sysroots/x86_64-oesdk-linux/var --libdir=/usr/local/oecore-x86_64/sysroots/x86_64-oesdk-linux/usr/lib/arm-oe-linux-gnueabi --includedir=/usr/local/oecore-x86_64/sysroots/x86_64-oesdk-linux/usr/include --oldincludedir=/usr/local/oecore-x86_64/sysroots/x86_64-oesdk-linux/usr/include --infodir=/usr/local/oecore-x86_64/sysroots/x86_64-oesdk-linux/usr/share/info --mandir=/usr/local/oecore-x86_64/sysroots/x86_64-oesdk-linux/usr/share/man --disable-silent-rules --disable-dependency-tracking --with-libtool-sysroot=/media/eleps/data/repos/test/openembedded-core/build/tmp-glibc/work/x86_64-nativesdk-oesdk-linux/gcc-cross-canadian-arm/7.3.0-r0/recipe-sysroot --with-gnu-ld --enable-shared --enable-languages=c,c++ --enable-threads=posix --enable-multilib --enable-c99 --enable-long-long --enable-symvers=gnu --enable-libstdcxx-pch --program-prefix=arm-oe-linux-gnueabi- --without-local-prefix --enable-lto --enable-libssp --enable-libitm --disable-bootstrap --disable-libmudflap --with-system-zlib --with-linker-hash-style=gnu --enable-linker-build-id --with-ppl=no --with-cloog=no --enable-checking=release --enable-cheaders=c_global --without-isl --with-gxx-include-dir=/not/exist/usr/include/c++/7.3.0 --with-build-time-tools=/media/eleps/data/repos/test/openembedded-core/build/tmp-glibc/work/x86_64-nativesdk-oesdk-linux/gcc-cross-canadian-arm/7.3.0-r0/recipe-sysroot-native/usr/arm-oe-linux-gnueabi/bin --with-sysroot=/not/exist --with-build-sysroot=/media/eleps/data/repos/test/openembedded-core/build/tmp-glibc/work/x86_64-nativesdk-oesdk-linux/gcc-cross-canadian-arm/7.3.0-r0/recipe-sysroot --without-long-double-128 --enable-poison-system-directories --with-mpfr=/media/eleps/data/repos/test/openembedded-core/build/tmp-glibc/work/x86_64-nativesdk-oesdk-linux/gcc-cross-canadian-arm/7.3.0-r0/recipe-sysroot --with-mpc=/media/eleps/data/repos/test/openembedded-core/build/tmp-glibc/work/x86_64-nativesdk-oesdk-linux/gcc-cross-canadian-arm/7.3.0-r0/recipe-sysroot --enable-nls --enable-initfini-array]
  ignore line: [Thread model: posix]
  ignore line: [gcc version 7.3.0 (GCC) ]
  ignore line: [COLLECT_GCC_OPTIONS='--sysroot=/usr/local/oecore-x86_64/sysroots/cortexa9hf-neon-oe-linux-gnueabi' '-march=armv7-a' '-marm' '-mfpu=neon' '-mfloat-abi=hard' '-mcpu=cortex-a9' '-march=armv7-a' '-marm' '-mfpu=neon' '-mfloat-abi=hard' '-mcpu=cortex-a9' '-v' '-o' 'CMakeFiles/cmTC_11b56.dir/CMakeCXXCompilerABI.cpp.o' '-c' '-shared-libgcc' '-mtls-dialect=gnu']
  ignore line: [ /usr/local/oecore-x86_64/sysroots/x86_64-oesdk-linux/usr/libexec/arm-oe-linux-gnueabi/gcc/arm-oe-linux-gnueabi/7.3.0/cc1plus -quiet -v -isysroot /usr/local/oecore-x86_64/sysroots/cortexa9hf-neon-oe-linux-gnueabi -D_GNU_SOURCE /home/sielf/Downloads/clion-2019.3.4/bin/cmake/linux/share/cmake-3.15/Modules/CMakeCXXCompilerABI.cpp -quiet -dumpbase CMakeCXXCompilerABI.cpp -march=armv7-a -marm -mfpu=neon -mfloat-abi=hard -mcpu=cortex-a9 -march=armv7-a -marm -mfpu=neon -mfloat-abi=hard -mcpu=cortex-a9 -mtls-dialect=gnu -auxbase-strip CMakeFiles/cmTC_11b56.dir/CMakeCXXCompilerABI.cpp.o -version -o /tmp/ccfjvO0C.s]
  ignore line: [GNU C++14 (GCC) version 7.3.0 (arm-oe-linux-gnueabi)]
  ignore line: [	compiled by GNU C version 7.3.0, GMP version 6.1.2, MPFR version 3.1.5, MPC version 1.0.3, isl version none]
  ignore line: [GGC heuristics: --param ggc-min-expand=100 --param ggc-min-heapsize=131072]
  ignore line: [ignoring nonexistent directory "/usr/local/oecore-x86_64/sysroots/cortexa9hf-neon-oe-linux-gnueabi/usr/local/include"]
  ignore line: [ignoring nonexistent directory "/usr/local/oecore-x86_64/sysroots/x86_64-oesdk-linux/usr/lib/arm-oe-linux-gnueabi/gcc/arm-oe-linux-gnueabi/7.3.0/../../../../../arm-oe-linux-gnueabi/include"]
  ignore line: [#include "..." search starts here:]
  ignore line: [#include <...> search starts here:]
  ignore line: [ /usr/local/oecore-x86_64/sysroots/cortexa9hf-neon-oe-linux-gnueabi/usr/include/c++/7.3.0]
  ignore line: [ /usr/local/oecore-x86_64/sysroots/cortexa9hf-neon-oe-linux-gnueabi/usr/include/c++/7.3.0/arm-oe-linux-gnueabi]
  ignore line: [ /usr/local/oecore-x86_64/sysroots/cortexa9hf-neon-oe-linux-gnueabi/usr/include/c++/7.3.0/backward]
  ignore line: [ /usr/local/oecore-x86_64/sysroots/x86_64-oesdk-linux/usr/lib/arm-oe-linux-gnueabi/gcc/arm-oe-linux-gnueabi/7.3.0/include]
  ignore line: [ /usr/local/oecore-x86_64/sysroots/cortexa9hf-neon-oe-linux-gnueabi/usr/lib/gcc/arm-oe-linux-gnueabi/7.3.0/include]
  ignore line: [ /usr/local/oecore-x86_64/sysroots/x86_64-oesdk-linux/usr/lib/arm-oe-linux-gnueabi/gcc/arm-oe-linux-gnueabi/7.3.0/include-fixed]
  ignore line: [ /usr/local/oecore-x86_64/sysroots/cortexa9hf-neon-oe-linux-gnueabi/usr/include/]
  ignore line: [End of search list.]
  ignore line: [GNU C++14 (GCC) version 7.3.0 (arm-oe-linux-gnueabi)]
  ignore line: [	compiled by GNU C version 7.3.0, GMP version 6.1.2, MPFR version 3.1.5, MPC version 1.0.3, isl version none]
  ignore line: [GGC heuristics: --param ggc-min-expand=100 --param ggc-min-heapsize=131072]
  ignore line: [Compiler executable checksum: 8dd718882533dd28ee5d84a22ed92c82]
  ignore line: [COLLECT_GCC_OPTIONS='--sysroot=/usr/local/oecore-x86_64/sysroots/cortexa9hf-neon-oe-linux-gnueabi' '-march=armv7-a' '-marm' '-mfpu=neon' '-mfloat-abi=hard' '-mcpu=cortex-a9' '-march=armv7-a' '-marm' '-mfpu=neon' '-mfloat-abi=hard' '-mcpu=cortex-a9' '-v' '-o' 'CMakeFiles/cmTC_11b56.dir/CMakeCXXCompilerABI.cpp.o' '-c' '-shared-libgcc' '-mtls-dialect=gnu']
  ignore line: [ /usr/local/oecore-x86_64/sysroots/x86_64-oesdk-linux/usr/libexec/arm-oe-linux-gnueabi/gcc/arm-oe-linux-gnueabi/7.3.0/as -v -march=armv7-a -march=armv7-a -mcpu=cortex-a9 -mfloat-abi=hard -mfloat-abi=hard -mfpu=neon -mfpu=neon -meabi=5 -o CMakeFiles/cmTC_11b56.dir/CMakeCXXCompilerABI.cpp.o /tmp/ccfjvO0C.s]
  ignore line: [GNU assembler version 2.29.1 (arm-oe-linux-gnueabi) using BFD version (GNU Binutils) 2.29.1.20170915]
  ignore line: [COMPILER_PATH=/usr/local/oecore-x86_64/sysroots/x86_64-oesdk-linux/usr/libexec/arm-oe-linux-gnueabi/gcc/arm-oe-linux-gnueabi/7.3.0/:/usr/local/oecore-x86_64/sysroots/x86_64-oesdk-linux/usr/libexec/arm-oe-linux-gnueabi/gcc/arm-oe-linux-gnueabi/7.3.0/:/usr/local/oecore-x86_64/sysroots/x86_64-oesdk-linux/usr/libexec/arm-oe-linux-gnueabi/gcc/arm-oe-linux-gnueabi/:/usr/local/oecore-x86_64/sysroots/x86_64-oesdk-linux/usr/lib/arm-oe-linux-gnueabi/gcc/arm-oe-linux-gnueabi/7.3.0/:/usr/local/oecore-x86_64/sysroots/x86_64-oesdk-linux/usr/lib/arm-oe-linux-gnueabi/gcc/arm-oe-linux-gnueabi/]
  ignore line: [LIBRARY_PATH=/usr/local/oecore-x86_64/sysroots/x86_64-oesdk-linux/usr/lib/arm-oe-linux-gnueabi/gcc/arm-oe-linux-gnueabi/7.3.0/:/usr/local/oecore-x86_64/sysroots/cortexa9hf-neon-oe-linux-gnueabi/lib/:/usr/local/oecore-x86_64/sysroots/cortexa9hf-neon-oe-linux-gnueabi/usr/lib/arm-oe-linux-gnueabi/7.3.0/:/usr/local/oecore-x86_64/sysroots/cortexa9hf-neon-oe-linux-gnueabi/usr/lib/]
  ignore line: [COLLECT_GCC_OPTIONS='--sysroot=/usr/local/oecore-x86_64/sysroots/cortexa9hf-neon-oe-linux-gnueabi' '-march=armv7-a' '-marm' '-mfpu=neon' '-mfloat-abi=hard' '-mcpu=cortex-a9' '-march=armv7-a' '-marm' '-mfpu=neon' '-mfloat-abi=hard' '-mcpu=cortex-a9' '-v' '-o' 'CMakeFiles/cmTC_11b56.dir/CMakeCXXCompilerABI.cpp.o' '-c' '-shared-libgcc' '-mtls-dialect=gnu']
  ignore line: [Linking CXX executable cmTC_11b56]
  ignore line: [/home/sielf/Downloads/clion-2019.3.4/bin/cmake/linux/bin/cmake -E cmake_link_script CMakeFiles/cmTC_11b56.dir/link.txt --verbose=1]
  ignore line: [/usr/local/oecore-x86_64/sysroots/x86_64-oesdk-linux/usr/bin/arm-oe-linux-gnueabi/arm-oe-linux-gnueabi-g++ --sysroot=/usr/local/oecore-x86_64/sysroots/cortexa9hf-neon-oe-linux-gnueabi    -march=armv7-a -marm -mfpu=neon  -mfloat-abi=hard -mcpu=cortex-a9  -march=armv7-a -marm -mfpu=neon  -mfloat-abi=hard -mcpu=cortex-a9    -v -rdynamic CMakeFiles/cmTC_11b56.dir/CMakeCXXCompilerABI.cpp.o  -o cmTC_11b56  -L/usr/local/oecore-x86_64/sysroots/cortexa9hf-neon-oe-linux-gnueabi/usr/lib ]
  ignore line: [Using built-in specs.]
  ignore line: [COLLECT_GCC=/usr/local/oecore-x86_64/sysroots/x86_64-oesdk-linux/usr/bin/arm-oe-linux-gnueabi/arm-oe-linux-gnueabi-g++]
  ignore line: [COLLECT_LTO_WRAPPER=/usr/local/oecore-x86_64/sysroots/x86_64-oesdk-linux/usr/libexec/arm-oe-linux-gnueabi/gcc/arm-oe-linux-gnueabi/7.3.0/lto-wrapper]
  ignore line: [Target: arm-oe-linux-gnueabi]
  ignore line: [Configured with: ../../../../../../work-shared/gcc-7.3.0-r0/gcc-7.3.0/configure --build=x86_64-linux --host=x86_64-oesdk-linux --target=arm-oe-linux-gnueabi --prefix=/usr/local/oecore-x86_64/sysroots/x86_64-oesdk-linux/usr --exec_prefix=/usr/local/oecore-x86_64/sysroots/x86_64-oesdk-linux/usr --bindir=/usr/local/oecore-x86_64/sysroots/x86_64-oesdk-linux/usr/bin/arm-oe-linux-gnueabi --sbindir=/usr/local/oecore-x86_64/sysroots/x86_64-oesdk-linux/usr/bin/arm-oe-linux-gnueabi --libexecdir=/usr/local/oecore-x86_64/sysroots/x86_64-oesdk-linux/usr/libexec/arm-oe-linux-gnueabi --datadir=/usr/local/oecore-x86_64/sysroots/x86_64-oesdk-linux/usr/share --sysconfdir=/usr/local/oecore-x86_64/sysroots/x86_64-oesdk-linux/etc --sharedstatedir=/usr/local/oecore-x86_64/sysroots/x86_64-oesdk-linux/com --localstatedir=/usr/local/oecore-x86_64/sysroots/x86_64-oesdk-linux/var --libdir=/usr/local/oecore-x86_64/sysroots/x86_64-oesdk-linux/usr/lib/arm-oe-linux-gnueabi --includedir=/usr/local/oecore-x86_64/sysroots/x86_64-oesdk-linux/usr/include --oldincludedir=/usr/local/oecore-x86_64/sysroots/x86_64-oesdk-linux/usr/include --infodir=/usr/local/oecore-x86_64/sysroots/x86_64-oesdk-linux/usr/share/info --mandir=/usr/local/oecore-x86_64/sysroots/x86_64-oesdk-linux/usr/share/man --disable-silent-rules --disable-dependency-tracking --with-libtool-sysroot=/media/eleps/data/repos/test/openembedded-core/build/tmp-glibc/work/x86_64-nativesdk-oesdk-linux/gcc-cross-canadian-arm/7.3.0-r0/recipe-sysroot --with-gnu-ld --enable-shared --enable-languages=c,c++ --enable-threads=posix --enable-multilib --enable-c99 --enable-long-long --enable-symvers=gnu --enable-libstdcxx-pch --program-prefix=arm-oe-linux-gnueabi- --without-local-prefix --enable-lto --enable-libssp --enable-libitm --disable-bootstrap --disable-libmudflap --with-system-zlib --with-linker-hash-style=gnu --enable-linker-build-id --with-ppl=no --with-cloog=no --enable-checking=release --enable-cheaders=c_global --without-isl --with-gxx-include-dir=/not/exist/usr/include/c++/7.3.0 --with-build-time-tools=/media/eleps/data/repos/test/openembedded-core/build/tmp-glibc/work/x86_64-nativesdk-oesdk-linux/gcc-cross-canadian-arm/7.3.0-r0/recipe-sysroot-native/usr/arm-oe-linux-gnueabi/bin --with-sysroot=/not/exist --with-build-sysroot=/media/eleps/data/repos/test/openembedded-core/build/tmp-glibc/work/x86_64-nativesdk-oesdk-linux/gcc-cross-canadian-arm/7.3.0-r0/recipe-sysroot --without-long-double-128 --enable-poison-system-directories --with-mpfr=/media/eleps/data/repos/test/openembedded-core/build/tmp-glibc/work/x86_64-nativesdk-oesdk-linux/gcc-cross-canadian-arm/7.3.0-r0/recipe-sysroot --with-mpc=/media/eleps/data/repos/test/openembedded-core/build/tmp-glibc/work/x86_64-nativesdk-oesdk-linux/gcc-cross-canadian-arm/7.3.0-r0/recipe-sysroot --enable-nls --enable-initfini-array]
  ignore line: [Thread model: posix]
  ignore line: [gcc version 7.3.0 (GCC) ]
  ignore line: [COMPILER_PATH=/usr/local/oecore-x86_64/sysroots/x86_64-oesdk-linux/usr/libexec/arm-oe-linux-gnueabi/gcc/arm-oe-linux-gnueabi/7.3.0/:/usr/local/oecore-x86_64/sysroots/x86_64-oesdk-linux/usr/libexec/arm-oe-linux-gnueabi/gcc/arm-oe-linux-gnueabi/7.3.0/:/usr/local/oecore-x86_64/sysroots/x86_64-oesdk-linux/usr/libexec/arm-oe-linux-gnueabi/gcc/arm-oe-linux-gnueabi/:/usr/local/oecore-x86_64/sysroots/x86_64-oesdk-linux/usr/lib/arm-oe-linux-gnueabi/gcc/arm-oe-linux-gnueabi/7.3.0/:/usr/local/oecore-x86_64/sysroots/x86_64-oesdk-linux/usr/lib/arm-oe-linux-gnueabi/gcc/arm-oe-linux-gnueabi/]
  ignore line: [LIBRARY_PATH=/usr/local/oecore-x86_64/sysroots/x86_64-oesdk-linux/usr/lib/arm-oe-linux-gnueabi/gcc/arm-oe-linux-gnueabi/7.3.0/:/usr/local/oecore-x86_64/sysroots/cortexa9hf-neon-oe-linux-gnueabi/lib/:/usr/local/oecore-x86_64/sysroots/cortexa9hf-neon-oe-linux-gnueabi/usr/lib/arm-oe-linux-gnueabi/7.3.0/:/usr/local/oecore-x86_64/sysroots/cortexa9hf-neon-oe-linux-gnueabi/usr/lib/]
  ignore line: [COLLECT_GCC_OPTIONS='--sysroot=/usr/local/oecore-x86_64/sysroots/cortexa9hf-neon-oe-linux-gnueabi' '-march=armv7-a' '-marm' '-mfpu=neon' '-mfloat-abi=hard' '-mcpu=cortex-a9' '-march=armv7-a' '-marm' '-mfpu=neon' '-mfloat-abi=hard' '-mcpu=cortex-a9' '-v' '-rdynamic' '-o' 'cmTC_11b56' '-L/usr/local/oecore-x86_64/sysroots/cortexa9hf-neon-oe-linux-gnueabi/usr/lib' '-shared-libgcc' '-mtls-dialect=gnu']
  link line: [ /usr/local/oecore-x86_64/sysroots/x86_64-oesdk-linux/usr/libexec/arm-oe-linux-gnueabi/gcc/arm-oe-linux-gnueabi/7.3.0/collect2 -plugin /usr/local/oecore-x86_64/sysroots/x86_64-oesdk-linux/usr/libexec/arm-oe-linux-gnueabi/gcc/arm-oe-linux-gnueabi/7.3.0/liblto_plugin.so -plugin-opt=/usr/local/oecore-x86_64/sysroots/x86_64-oesdk-linux/usr/libexec/arm-oe-linux-gnueabi/gcc/arm-oe-linux-gnueabi/7.3.0/lto-wrapper -plugin-opt=-fresolution=/tmp/ccgByS3V.res -plugin-opt=-pass-through=-lgcc_s -plugin-opt=-pass-through=-lgcc -plugin-opt=-pass-through=-lc -plugin-opt=-pass-through=-lgcc_s -plugin-opt=-pass-through=-lgcc --sysroot=/usr/local/oecore-x86_64/sysroots/cortexa9hf-neon-oe-linux-gnueabi --build-id --eh-frame-hdr --hash-style=gnu -export-dynamic -dynamic-linker /lib/ld-linux-armhf.so.3 -X -m armelf_linux_eabi -o cmTC_11b56 /usr/local/oecore-x86_64/sysroots/cortexa9hf-neon-oe-linux-gnueabi/usr/lib/crt1.o /usr/local/oecore-x86_64/sysroots/cortexa9hf-neon-oe-linux-gnueabi/usr/lib/crti.o /usr/local/oecore-x86_64/sysroots/cortexa9hf-neon-oe-linux-gnueabi/usr/lib/arm-oe-linux-gnueabi/7.3.0/crtbegin.o -L/usr/local/oecore-x86_64/sysroots/cortexa9hf-neon-oe-linux-gnueabi/usr/lib -L/usr/local/oecore-x86_64/sysroots/x86_64-oesdk-linux/usr/lib/arm-oe-linux-gnueabi/gcc/arm-oe-linux-gnueabi/7.3.0 -L/usr/local/oecore-x86_64/sysroots/cortexa9hf-neon-oe-linux-gnueabi/lib -L/usr/local/oecore-x86_64/sysroots/cortexa9hf-neon-oe-linux-gnueabi/usr/lib/arm-oe-linux-gnueabi/7.3.0 -L/usr/local/oecore-x86_64/sysroots/cortexa9hf-neon-oe-linux-gnueabi/usr/lib CMakeFiles/cmTC_11b56.dir/CMakeCXXCompilerABI.cpp.o -lstdc++ -lm -lgcc_s -lgcc -lc -lgcc_s -lgcc /usr/local/oecore-x86_64/sysroots/cortexa9hf-neon-oe-linux-gnueabi/usr/lib/arm-oe-linux-gnueabi/7.3.0/crtend.o /usr/local/oecore-x86_64/sysroots/cortexa9hf-neon-oe-linux-gnueabi/usr/lib/crtn.o]
    arg [/usr/local/oecore-x86_64/sysroots/x86_64-oesdk-linux/usr/libexec/arm-oe-linux-gnueabi/gcc/arm-oe-linux-gnueabi/7.3.0/collect2] ==> ignore
    arg [-plugin] ==> ignore
    arg [/usr/local/oecore-x86_64/sysroots/x86_64-oesdk-linux/usr/libexec/arm-oe-linux-gnueabi/gcc/arm-oe-linux-gnueabi/7.3.0/liblto_plugin.so] ==> ignore
    arg [-plugin-opt=/usr/local/oecore-x86_64/sysroots/x86_64-oesdk-linux/usr/libexec/arm-oe-linux-gnueabi/gcc/arm-oe-linux-gnueabi/7.3.0/lto-wrapper] ==> ignore
    arg [-plugin-opt=-fresolution=/tmp/ccgByS3V.res] ==> ignore
    arg [-plugin-opt=-pass-through=-lgcc_s] ==> ignore
    arg [-plugin-opt=-pass-through=-lgcc] ==> ignore
    arg [-plugin-opt=-pass-through=-lc] ==> ignore
    arg [-plugin-opt=-pass-through=-lgcc_s] ==> ignore
    arg [-plugin-opt=-pass-through=-lgcc] ==> ignore
    arg [--sysroot=/usr/local/oecore-x86_64/sysroots/cortexa9hf-neon-oe-linux-gnueabi] ==> ignore
    arg [--build-id] ==> ignore
    arg [--eh-frame-hdr] ==> ignore
    arg [--hash-style=gnu] ==> ignore
    arg [-export-dynamic] ==> ignore
    arg [-dynamic-linker] ==> ignore
    arg [/lib/ld-linux-armhf.so.3] ==> ignore
    arg [-X] ==> ignore
    arg [-m] ==> ignore
    arg [armelf_linux_eabi] ==> ignore
    arg [-o] ==> ignore
    arg [cmTC_11b56] ==> ignore
    arg [/usr/local/oecore-x86_64/sysroots/cortexa9hf-neon-oe-linux-gnueabi/usr/lib/crt1.o] ==> ignore
    arg [/usr/local/oecore-x86_64/sysroots/cortexa9hf-neon-oe-linux-gnueabi/usr/lib/crti.o] ==> ignore
    arg [/usr/local/oecore-x86_64/sysroots/cortexa9hf-neon-oe-linux-gnueabi/usr/lib/arm-oe-linux-gnueabi/7.3.0/crtbegin.o] ==> ignore
    arg [-L/usr/local/oecore-x86_64/sysroots/cortexa9hf-neon-oe-linux-gnueabi/usr/lib] ==> dir [/usr/local/oecore-x86_64/sysroots/cortexa9hf-neon-oe-linux-gnueabi/usr/lib]
    arg [-L/usr/local/oecore-x86_64/sysroots/x86_64-oesdk-linux/usr/lib/arm-oe-linux-gnueabi/gcc/arm-oe-linux-gnueabi/7.3.0] ==> dir [/usr/local/oecore-x86_64/sysroots/x86_64-oesdk-linux/usr/lib/arm-oe-linux-gnueabi/gcc/arm-oe-linux-gnueabi/7.3.0]
    arg [-L/usr/local/oecore-x86_64/sysroots/cortexa9hf-neon-oe-linux-gnueabi/lib] ==> dir [/usr/local/oecore-x86_64/sysroots/cortexa9hf-neon-oe-linux-gnueabi/lib]
    arg [-L/usr/local/oecore-x86_64/sysroots/cortexa9hf-neon-oe-linux-gnueabi/usr/lib/arm-oe-linux-gnueabi/7.3.0] ==> dir [/usr/local/oecore-x86_64/sysroots/cortexa9hf-neon-oe-linux-gnueabi/usr/lib/arm-oe-linux-gnueabi/7.3.0]
    arg [-L/usr/local/oecore-x86_64/sysroots/cortexa9hf-neon-oe-linux-gnueabi/usr/lib] ==> dir [/usr/local/oecore-x86_64/sysroots/cortexa9hf-neon-oe-linux-gnueabi/usr/lib]
    arg [CMakeFiles/cmTC_11b56.dir/CMakeCXXCompilerABI.cpp.o] ==> ignore
    arg [-lstdc++] ==> lib [stdc++]
    arg [-lm] ==> lib [m]
    arg [-lgcc_s] ==> lib [gcc_s]
    arg [-lgcc] ==> lib [gcc]
    arg [-lc] ==> lib [c]
    arg [-lgcc_s] ==> lib [gcc_s]
    arg [-lgcc] ==> lib [gcc]
    arg [/usr/local/oecore-x86_64/sysroots/cortexa9hf-neon-oe-linux-gnueabi/usr/lib/arm-oe-linux-gnueabi/7.3.0/crtend.o] ==> ignore
    arg [/usr/local/oecore-x86_64/sysroots/cortexa9hf-neon-oe-linux-gnueabi/usr/lib/crtn.o] ==> ignore
  collapse library dir [/usr/local/oecore-x86_64/sysroots/cortexa9hf-neon-oe-linux-gnueabi/usr/lib] ==> [/usr/local/oecore-x86_64/sysroots/cortexa9hf-neon-oe-linux-gnueabi/usr/lib]
  collapse library dir [/usr/local/oecore-x86_64/sysroots/x86_64-oesdk-linux/usr/lib/arm-oe-linux-gnueabi/gcc/arm-oe-linux-gnueabi/7.3.0] ==> [/usr/local/oecore-x86_64/sysroots/x86_64-oesdk-linux/usr/lib/arm-oe-linux-gnueabi/gcc/arm-oe-linux-gnueabi/7.3.0]
  collapse library dir [/usr/local/oecore-x86_64/sysroots/cortexa9hf-neon-oe-linux-gnueabi/lib] ==> [/usr/local/oecore-x86_64/sysroots/cortexa9hf-neon-oe-linux-gnueabi/lib]
  collapse library dir [/usr/local/oecore-x86_64/sysroots/cortexa9hf-neon-oe-linux-gnueabi/usr/lib/arm-oe-linux-gnueabi/7.3.0] ==> [/usr/local/oecore-x86_64/sysroots/cortexa9hf-neon-oe-linux-gnueabi/usr/lib/arm-oe-linux-gnueabi/7.3.0]
  collapse library dir [/usr/local/oecore-x86_64/sysroots/cortexa9hf-neon-oe-linux-gnueabi/usr/lib] ==> [/usr/local/oecore-x86_64/sysroots/cortexa9hf-neon-oe-linux-gnueabi/usr/lib]
  implicit libs: [stdc++;m;gcc_s;gcc;c;gcc_s;gcc]
  implicit dirs: [/usr/local/oecore-x86_64/sysroots/cortexa9hf-neon-oe-linux-gnueabi/usr/lib;/usr/local/oecore-x86_64/sysroots/x86_64-oesdk-linux/usr/lib/arm-oe-linux-gnueabi/gcc/arm-oe-linux-gnueabi/7.3.0;/usr/local/oecore-x86_64/sysroots/cortexa9hf-neon-oe-linux-gnueabi/lib;/usr/local/oecore-x86_64/sysroots/cortexa9hf-neon-oe-linux-gnueabi/usr/lib/arm-oe-linux-gnueabi/7.3.0]
  implicit fwks: []


